<?xml version="1.0" encoding="UTF-8"?>
<testsuite xmlns:xsi="http://www.w3.org/2001/XMLSchema-instance" xsi:noNamespaceSchemaLocation="https://maven.apache.org/surefire/maven-surefire-plugin/xsd/surefire-test-report-3.0.xsd" version="3.0" name="TestSuite" time="51.995" tests="65" errors="0" skipped="0" failures="6">
  <properties>
[...]
</properties>
  <testcase name="runScenario[&quot;HTTP verb endpoints return success and JSON&quot;, &quot;httpbin Regression API suite (positive and negative coverage)&quot;](1)" classname="com.algodatta.runners.ApiRunner" time="9.159">
    <system-out><![CDATA[
@api_regression
Scenario Outline: HTTP verb endpoints return success and JSON     # src/test/resources/features/api/httpbin_regression.feature:19

@api_regression
Scenario Outline: HTTP verb endpoints return success and JSON     # src/test/resources/features/api/httpbin_regression.feature:18

@api_regression
Scenario Outline: HTTP verb endpoints return success and JSON     # src/test/resources/features/api/httpbin_regression.feature:20

@api_regression
Scenario Outline: HTTP verb endpoints return success and JSON     # src/test/resources/features/api/httpbin_regression.feature:21
  Given I set API base url                                        # ui.steps.api.ApiSteps.setBaseUrl()
  Given I set API base url                                        # ui.steps.api.ApiSteps.setBaseUrl()
  Given I set API base url                                        # ui.steps.api.ApiSteps.setBaseUrl()
  Given I set API base url                                        # ui.steps.api.ApiSteps.setBaseUrl()
  And I reset API client                                          # ui.steps.api.ApiSteps.resetClient()
  And I reset API client                                          # ui.steps.api.ApiSteps.resetClient()
  And I reset API client                                          # ui.steps.api.ApiSteps.resetClient()
  And I reset API client                                          # ui.steps.api.ApiSteps.resetClient()
  When I send "GET" request to "/get"                             # ui.steps.api.ApiSteps.send(java.lang.String,java.lang.String)
  When I send "PATCH" request to "/patch"                         # ui.steps.api.ApiSteps.send(java.lang.String,java.lang.String)
  When I send "POST" request to "/post"                           # ui.steps.api.ApiSteps.send(java.lang.String,java.lang.String)
  Then the response status should be 200                          # ui.steps.api.ApiSteps.status(java.lang.Integer)
  Then the response status should be 200                          # ui.steps.api.ApiSteps.status(java.lang.Integer)
  Then the response status should be 200                          # ui.steps.api.ApiSteps.status(java.lang.Integer)
  And the response content type should contain "application/json" # ui.steps.api.ApiSteps.contentTypeContains(java.lang.String)
  And the response content type should contain "application/json" # ui.steps.api.ApiSteps.contentTypeContains(java.lang.String)
  And the response content type should contain "application/json" # ui.steps.api.ApiSteps.contentTypeContains(java.lang.String)
]]></system-out>
    <system-err><![CDATA[SLF4J(W): Class path contains multiple SLF4J providers.
SLF4J(W): Found provider [ch.qos.logback.classic.spi.LogbackServiceProvider@11438d26]
SLF4J(W): Found provider [org.apache.logging.slf4j.SLF4JServiceProvider@34cd072c]
SLF4J(W): See https://www.slf4j.org/codes.html#multiple_bindings for an explanation.
SLF4J(I): Actual provider is of type [ch.qos.logback.classic.spi.LogbackServiceProvider@11438d26]
]]></system-err>
  </testcase>
  <testcase name="runScenario[&quot;HTTP verb endpoints return success and JSON&quot;, &quot;httpbin Regression API suite (positive and negative coverage)&quot;](2)" classname="com.algodatta.runners.ApiRunner" time="0.031">
    <system-out><![CDATA[  When I send "PUT" request to "/put"                             # ui.steps.api.ApiSteps.send(java.lang.String,java.lang.String)
  Then the response status should be 200                          # ui.steps.api.ApiSteps.status(java.lang.Integer)
]]></system-out>
  </testcase>
  <testcase name="runScenario[&quot;HTTP verb endpoints return success and JSON&quot;, &quot;httpbin Regression API suite (positive and negative coverage)&quot;](4)" classname="com.algodatta.runners.ApiRunner" time="0.039">
    <system-out><![CDATA[  And the response content type should contain "application/json" # ui.steps.api.ApiSteps.contentTypeContains(java.lang.String)
]]></system-out>
  </testcase>
  <testcase name="runScenario[&quot;HTTP verb endpoints return success and JSON&quot;, &quot;httpbin Regression API suite (positive and negative coverage)&quot;](4)" classname="com.algodatta.runners.ApiRunner" time="0.04"/>
  <testcase name="runScenario[&quot;HTTP verb endpoints return success and JSON&quot;, &quot;httpbin Regression API suite (positive and negative coverage)&quot;](5)" classname="com.algodatta.runners.ApiRunner" time="1.894">
    <system-out><![CDATA[
@api_regression
Scenario Outline: /anything echoes the request method correctly   # src/test/resources/features/api/httpbin_regression.feature:31

@api_regression
Scenario Outline: /anything echoes the request method correctly   # src/test/resources/features/api/httpbin_regression.feature:33

@api_regression
Scenario Outline: HTTP verb endpoints return success and JSON     # src/test/resources/features/api/httpbin_regression.feature:22
  Given I set API base url                                        # ui.steps.api.ApiSteps.setBaseUrl()
  And I reset API client                                          # ui.steps.api.ApiSteps.resetClient()

@api_regression
Scenario Outline: /anything echoes the request method correctly   # src/test/resources/features/api/httpbin_regression.feature:32
  Given I set API base url                                        # ui.steps.api.ApiSteps.setBaseUrl()
  And I reset API client                                          # ui.steps.api.ApiSteps.resetClient()
  Given I set API base url                                        # ui.steps.api.ApiSteps.setBaseUrl()
  And I reset API client                                          # ui.steps.api.ApiSteps.resetClient()
  Given I set API base url                                        # ui.steps.api.ApiSteps.setBaseUrl()
  And I reset API client                                          # ui.steps.api.ApiSteps.resetClient()
  When I send "DELETE" request to "/delete"                       # ui.steps.api.ApiSteps.send(java.lang.String,java.lang.String)
  Then the response status should be 200                          # ui.steps.api.ApiSteps.status(java.lang.Integer)
  And the response content type should contain "application/json" # ui.steps.api.ApiSteps.contentTypeContains(java.lang.String)
  When I send "GET" request to "/anything"                        # ui.steps.api.ApiSteps.send(java.lang.String,java.lang.String)
]]></system-out>
  </testcase>
  <testcase name="runScenario[&quot;/anything echoes the request method correctly&quot;, &quot;httpbin Regression API suite (positive and negative coverage)&quot;](6)" classname="com.algodatta.runners.ApiRunner" time="2.717">
    <system-out><![CDATA[  Then the response status should be 200                          # ui.steps.api.ApiSteps.status(java.lang.Integer)
  And the response content type should contain "application/json" # ui.steps.api.ApiSteps.contentTypeContains(java.lang.String)

@api_regression
Scenario Outline: /anything echoes the request method correctly   # src/test/resources/features/api/httpbin_regression.feature:34
  Given I set API base url                                        # ui.steps.api.ApiSteps.setBaseUrl()
  And I reset API client                                          # ui.steps.api.ApiSteps.resetClient()
  When I send "POST" request to "/anything"                       # ui.steps.api.ApiSteps.send(java.lang.String,java.lang.String)
  Then the response status should be 200                          # ui.steps.api.ApiSteps.status(java.lang.Integer)
  And the response content type should contain "application/json" # ui.steps.api.ApiSteps.contentTypeContains(java.lang.String)
  When I send "PUT" request to "/anything"                        # ui.steps.api.ApiSteps.send(java.lang.String,java.lang.String)
  Then the response status should be 200                          # ui.steps.api.ApiSteps.status(java.lang.Integer)
  And the response content type should contain "application/json" # ui.steps.api.ApiSteps.contentTypeContains(java.lang.String)
  When I send "PATCH" request to "/anything"                      # ui.steps.api.ApiSteps.send(java.lang.String,java.lang.String)
  Then the response status should be 200                          # ui.steps.api.ApiSteps.status(java.lang.Integer)
  And the response content type should contain "application/json" # ui.steps.api.ApiSteps.contentTypeContains(java.lang.String)
  And the JSON path "method" should be "PATCH"                    # ui.steps.api.ApiSteps.jsonPathEqualsString(java.lang.String,java.lang.String)
  And the JSON path "method" should be "GET"                      # ui.steps.api.ApiSteps.jsonPathEqualsString(java.lang.String,java.lang.String)
]]></system-out>
  </testcase>
  <testcase name="runScenario[&quot;/anything echoes the request method correctly&quot;, &quot;httpbin Regression API suite (positive and negative coverage)&quot;](7)" classname="com.algodatta.runners.ApiRunner" time="0.03"/>
  <testcase name="runScenario[&quot;/anything echoes the request method correctly&quot;, &quot;httpbin Regression API suite (positive and negative coverage)&quot;](8)" classname="com.algodatta.runners.ApiRunner" time="0.324">
    <system-out><![CDATA[  And the JSON path "method" should be "POST"                     # ui.steps.api.ApiSteps.jsonPathEqualsString(java.lang.String,java.lang.String)
  And the JSON path "method" should be "PUT"                      # ui.steps.api.ApiSteps.jsonPathEqualsString(java.lang.String,java.lang.String)
]]></system-out>
  </testcase>
  <testcase name="runScenario[&quot;/anything echoes the request method correctly&quot;, &quot;httpbin Regression API suite (positive and negative coverage)&quot;](9)" classname="com.algodatta.runners.ApiRunner" time="0.0"/>
  <testcase name="runScenario[&quot;HEAD should return headers only&quot;, &quot;httpbin Regression API suite (positive and negative coverage)&quot;](10)" classname="com.algodatta.runners.ApiRunner" time="2.096">
    <system-out><![CDATA[
@api_regression
Scenario: HEAD should return headers only # src/test/resources/features/api/httpbin_regression.feature:37

@api_regression
Scenario Outline: /anything echoes the request method correctly   # src/test/resources/features/api/httpbin_regression.feature:35

@api_regression
Scenario: OPTIONS should return allowed methods # src/test/resources/features/api/httpbin_regression.feature:41
  Given I set API base url                      # ui.steps.api.ApiSteps.setBaseUrl()
  Given I set API base url                # ui.steps.api.ApiSteps.setBaseUrl()
  And I reset API client                  # ui.steps.api.ApiSteps.resetClient()
  Given I set API base url                                        # ui.steps.api.ApiSteps.setBaseUrl()
  And I reset API client                                          # ui.steps.api.ApiSteps.resetClient()
  And I reset API client                        # ui.steps.api.ApiSteps.resetClient()

@api_regression
Scenario: Bearer auth positive                                    # src/test/resources/features/api/httpbin_regression.feature:46
  Given I set API base url                                        # ui.steps.api.ApiSteps.setBaseUrl()
  And I reset API client                                          # ui.steps.api.ApiSteps.resetClient()
  Given I use bearer token "test-token"                           # ui.steps.api.ApiSteps.bearer(java.lang.String)
  When I send "GET" request to "/bearer"                          # ui.steps.api.ApiSteps.send(java.lang.String,java.lang.String)
  Then the response status should be 200                          # ui.steps.api.ApiSteps.status(java.lang.Integer)
  And the response content type should contain "application/json" # ui.steps.api.ApiSteps.contentTypeContains(java.lang.String)
  When I send "DELETE" request to "/anything"                     # ui.steps.api.ApiSteps.send(java.lang.String,java.lang.String)
  Then the response status should be 200                          # ui.steps.api.ApiSteps.status(java.lang.Integer)
  And the response content type should contain "application/json" # ui.steps.api.ApiSteps.contentTypeContains(java.lang.String)
  When I send "HEAD" request to "/get"    # ui.steps.api.ApiSteps.send(java.lang.String,java.lang.String)
  Then the response status should be 200  # ui.steps.api.ApiSteps.status(java.lang.Integer)
  And the JSON path "method" should be "DELETE"                   # ui.steps.api.ApiSteps.jsonPathEqualsString(java.lang.String,java.lang.String)
  And the JSON path "authenticated" should not be null            # ui.steps.api.ApiSteps.jsonPathNotNull(java.lang.String)
]]></system-out>
  </testcase>
  <testcase name="runScenario[&quot;/anything echoes the request method correctly&quot;, &quot;httpbin Regression API suite (positive and negative coverage)&quot;](11)" classname="com.algodatta.runners.ApiRunner" time="0.0"/>
  <testcase name="runScenario[&quot;Bearer auth positive&quot;, &quot;httpbin Regression API suite (positive and negative coverage)&quot;](12)" classname="com.algodatta.runners.ApiRunner" time="0.15">
    <system-out><![CDATA[  When I send "OPTIONS" request to "/get"       # ui.steps.api.ApiSteps.send(java.lang.String,java.lang.String)
  Then the response status should be 200        # ui.steps.api.ApiSteps.status(java.lang.Integer)
]]></system-out>
  </testcase>
  <testcase name="runScenario[&quot;OPTIONS should return allowed methods&quot;, &quot;httpbin Regression API suite (positive and negative coverage)&quot;](13)" classname="com.algodatta.runners.ApiRunner" time="0.0"/>
  <testcase name="runScenario[&quot;Bearer auth negative (missing token)&quot;, &quot;httpbin Regression API suite (positive and negative coverage)&quot;](14)" classname="com.algodatta.runners.ApiRunner" time="1.874">
    <system-out><![CDATA[
@api_regression
Scenario: Digest auth positive                                 # src/test/resources/features/api/httpbin_regression.feature:58

@api_regression
Scenario: Bearer auth negative (missing token) # src/test/resources/features/api/httpbin_regression.feature:53
  Given I set API base url                                     # ui.steps.api.ApiSteps.setBaseUrl()
  Given I set API base url                     # ui.steps.api.ApiSteps.setBaseUrl()
  And I reset API client                       # ui.steps.api.ApiSteps.resetClient()
  And I reset API client                                       # ui.steps.api.ApiSteps.resetClient()

@api_regression
Scenario Outline: /status endpoint should generate the given status code # src/test/resources/features/api/httpbin_regression.feature:77
  Given I reset API client                     # ui.steps.api.ApiSteps.resetClient()
  Given I use digest auth "user" and "passwd"                  # ui.steps.api.ApiSteps.digestAuth(java.lang.String,java.lang.String)
  Given I set API base url                                               # ui.steps.api.ApiSteps.setBaseUrl()
  And I reset API client                                                 # ui.steps.api.ApiSteps.resetClient()

@api_regression
Scenario: Digest auth negative                                 # src/test/resources/features/api/httpbin_regression.feature:63
  Given I set API base url                                     # ui.steps.api.ApiSteps.setBaseUrl()
  And I reset API client                                       # ui.steps.api.ApiSteps.resetClient()
  Given I use digest auth "user" and "wrong"                   # ui.steps.api.ApiSteps.digestAuth(java.lang.String,java.lang.String)
  When I send "GET" request to "/bearer"       # ui.steps.api.ApiSteps.send(java.lang.String,java.lang.String)
  Then the response status should be 401       # ui.steps.api.ApiSteps.status(java.lang.Integer)
]]></system-out>
  </testcase>
  <testcase name="runScenario[&quot;/status endpoint should generate the given status code&quot;, &quot;httpbin Regression API suite (positive and negative coverage)&quot;](15)" classname="com.algodatta.runners.ApiRunner" time="0.281">
    <system-out><![CDATA[
@api_regression
Scenario Outline: /status endpoint should generate the given status code # src/test/resources/features/api/httpbin_regression.feature:78
  Given I set API base url                                               # ui.steps.api.ApiSteps.setBaseUrl()
  And I reset API client                                                 # ui.steps.api.ApiSteps.resetClient()
  When I send "GET" request to "/status/200"                             # ui.steps.api.ApiSteps.send(java.lang.String,java.lang.String)
  Then the response status should be 200                                 # ui.steps.api.ApiSteps.status(java.lang.Integer)
]]></system-out>
  </testcase>
  <testcase name="runScenario[&quot;Digest auth negative&quot;, &quot;httpbin Regression API suite (positive and negative coverage)&quot;](16)" classname="com.algodatta.runners.ApiRunner" time="0.106">
    <system-out><![CDATA[
@api_regression
Scenario Outline: /status endpoint should generate the given status code # src/test/resources/features/api/httpbin_regression.feature:79
  Given I set API base url                                               # ui.steps.api.ApiSteps.setBaseUrl()
  And I reset API client                                                 # ui.steps.api.ApiSteps.resetClient()
  When I send "GET" request to "/digest-auth/auth/user/passwd" # ui.steps.api.ApiSteps.send(java.lang.String,java.lang.String)
  Then the response status should be 401                       # ui.steps.api.ApiSteps.status(java.lang.Integer)
]]></system-out>
  </testcase>
  <testcase name="runScenario[&quot;Digest auth positive&quot;, &quot;httpbin Regression API suite (positive and negative coverage)&quot;](17)" classname="com.algodatta.runners.ApiRunner" time="0.116">
    <system-out><![CDATA[
@api_regression
Scenario Outline: /status endpoint should generate the given status code # src/test/resources/features/api/httpbin_regression.feature:80
  Given I set API base url                                               # ui.steps.api.ApiSteps.setBaseUrl()
  And I reset API client                                                 # ui.steps.api.ApiSteps.resetClient()
  When I send "GET" request to "/digest-auth/auth/user/passwd" # ui.steps.api.ApiSteps.send(java.lang.String,java.lang.String)
  Then the response status should be 200                       # ui.steps.api.ApiSteps.status(java.lang.Integer)
]]></system-out>
  </testcase>
  <testcase name="runScenario[&quot;/status endpoint should generate the given status code&quot;, &quot;httpbin Regression API suite (positive and negative coverage)&quot;](18)" classname="com.algodatta.runners.ApiRunner" time="1.721">
    <system-out><![CDATA[
@api_regression
Scenario Outline: /status endpoint should generate the given status code # src/test/resources/features/api/httpbin_regression.feature:81
  Given I set API base url                                               # ui.steps.api.ApiSteps.setBaseUrl()
  And I reset API client                                                 # ui.steps.api.ApiSteps.resetClient()
  When I send "GET" request to "/status/201"                             # ui.steps.api.ApiSteps.send(java.lang.String,java.lang.String)
  Then the response status should be 201                                 # ui.steps.api.ApiSteps.status(java.lang.Integer)
  When I send "GET" request to "/status/400"                             # ui.steps.api.ApiSteps.send(java.lang.String,java.lang.String)
]]></system-out>
  </testcase>
  <testcase name="runScenario[&quot;/status endpoint should generate the given status code&quot;, &quot;httpbin Regression API suite (positive and negative coverage)&quot;](19)" classname="com.algodatta.runners.ApiRunner" time="0.111">
    <system-out><![CDATA[  Then the response status should be 400                                 # ui.steps.api.ApiSteps.status(java.lang.Integer)
]]></system-out>
  </testcase>
  <testcase name="runScenario[&quot;/status endpoint should generate the given status code&quot;, &quot;httpbin Regression API suite (positive and negative coverage)&quot;](20)" classname="com.algodatta.runners.ApiRunner" time="0.346">
    <system-out><![CDATA[
@api_regression
Scenario Outline: /status endpoint should generate the given status code # src/test/resources/features/api/httpbin_regression.feature:82
  When I send "GET" request to "/status/401"                             # ui.steps.api.ApiSteps.send(java.lang.String,java.lang.String)
  Then the response status should be 401                                 # ui.steps.api.ApiSteps.status(java.lang.Integer)
]]></system-out>
  </testcase>
  <testcase name="runScenario[&quot;/status endpoint should generate the given status code&quot;, &quot;httpbin Regression API suite (positive and negative coverage)&quot;](21)" classname="com.algodatta.runners.ApiRunner" time="0.0">
    <system-out><![CDATA[
@api_regression
Scenario Outline: /status endpoint should generate the given status code # src/test/resources/features/api/httpbin_regression.feature:83
  Given I set API base url                                               # ui.steps.api.ApiSteps.setBaseUrl()
  Given I set API base url                                               # ui.steps.api.ApiSteps.setBaseUrl()
  When I send "GET" request to "/status/204"                             # ui.steps.api.ApiSteps.send(java.lang.String,java.lang.String)
  And I reset API client                                                 # ui.steps.api.ApiSteps.resetClient()

@api_regression
Scenario Outline: /status endpoint should generate the given status code # src/test/resources/features/api/httpbin_regression.feature:84
  Given I set API base url                                               # ui.steps.api.ApiSteps.setBaseUrl()
  And I reset API client                                                 # ui.steps.api.ApiSteps.resetClient()
  Then the response status should be 204                                 # ui.steps.api.ApiSteps.status(java.lang.Integer)
]]></system-out>
  </testcase>
  <testcase name="runScenario[&quot;/status endpoint should generate the given status code&quot;, &quot;httpbin Regression API suite (positive and negative coverage)&quot;](22)" classname="com.algodatta.runners.ApiRunner" time="1.55">
    <system-out><![CDATA[
@api_regression
Scenario: Inspect query params, headers and client IP via /anything # src/test/resources/features/api/httpbin_regression.feature:87
  Given I set API base url                                          # ui.steps.api.ApiSteps.setBaseUrl()
  And I reset API client                                                 # ui.steps.api.ApiSteps.resetClient()
  And I reset API client                                            # ui.steps.api.ApiSteps.resetClient()
  Given I set query param "q" to "abc"                              # ui.steps.api.ApiSteps.setQueryParam(java.lang.String,java.lang.String)
  And I set header "X-Test" to "kc"                                 # ui.steps.api.ApiSteps.setHeader(java.lang.String,java.lang.String)
  When I send "GET" request to "/status/403"                             # ui.steps.api.ApiSteps.send(java.lang.String,java.lang.String)
  When I send "GET" request to "/anything/inspect"                  # ui.steps.api.ApiSteps.send(java.lang.String,java.lang.String)
  Then the response status should be 403                                 # ui.steps.api.ApiSteps.status(java.lang.Integer)
  Then the response status should be 200                            # ui.steps.api.ApiSteps.status(java.lang.Integer)
]]></system-out>
  </testcase>
  <testcase name="runScenario[&quot;/status endpoint should generate the given status code&quot;, &quot;httpbin Regression API suite (positive and negative coverage)&quot;](23)" classname="com.algodatta.runners.ApiRunner" time="0.894">
    <system-out><![CDATA[
@api_regression
Scenario: Inspect JSON body via /anything            # src/test/resources/features/api/httpbin_regression.feature:97
  Given I set API base url                           # ui.steps.api.ApiSteps.setBaseUrl()
  And I reset API client                             # ui.steps.api.ApiSteps.resetClient()
  When I send "GET" request to "/status/500"                             # ui.steps.api.ApiSteps.send(java.lang.String,java.lang.String)
  Then the response status should be 500                                 # ui.steps.api.ApiSteps.status(java.lang.Integer)
]]></system-out>
  </testcase>
  <testcase name="runScenario[&quot;/status endpoint should generate the given status code&quot;, &quot;httpbin Regression API suite (positive and negative coverage)&quot;](24)" classname="com.algodatta.runners.ApiRunner" time="0.005">
    <system-out><![CDATA[  And the JSON path "args.q" should be "abc"                        # ui.steps.api.ApiSteps.jsonPathEqualsString(java.lang.String,java.lang.String)
  When I send "GET" request to "/status/404"                             # ui.steps.api.ApiSteps.send(java.lang.String,java.lang.String)
  Then the response status should be 404                                 # ui.steps.api.ApiSteps.status(java.lang.Integer)
]]></system-out>
  </testcase>
  <testcase name="runScenario[&quot;Inspect query params, headers and client IP via /anything&quot;, &quot;httpbin Regression API suite (positive and negative coverage)&quot;](25)" classname="com.algodatta.runners.ApiRunner" time="0.407">
    <failure message="class java.lang.String cannot be cast to class [C (java.lang.String and [C are in module java.base of loader &apos;bootstrap&apos;)" type="java.lang.ClassCastException"><![CDATA[java.lang.ClassCastException: class java.lang.String cannot be cast to class [C (java.lang.String and [C are in module java.base of loader 'bootstrap')
	at ui.steps.api.ApiSteps.jsonPathContainsString(ApiSteps.java:251)
	at ✽.the JSON path "url" should contain "inspect"(file:///E:/QA_KC/KC-sdet-automation/tests/src/test/resources/features/api/httpbin_regression.feature:95)
]]></failure>
    <system-out><![CDATA[
@api_regression
Scenario: Validate caching headers via /cache/0 (no caching)         # src/test/resources/features/api/httpbin_regression.feature:108
  Given I set JSON body                              # ui.steps.api.ApiSteps.setJsonBody(java.lang.String)
  Given I set API base url                                           # ui.steps.api.ApiSteps.setBaseUrl()
  And I reset API client                                             # ui.steps.api.ApiSteps.resetClient()

@api_regression
Scenario: Validate ETag response                         # src/test/resources/features/api/httpbin_regression.feature:113
  Given I set API base url                               # ui.steps.api.ApiSteps.setBaseUrl()
  And I reset API client                                 # ui.steps.api.ApiSteps.resetClient()
  And the JSON path "headers.X-Test" should be "kc"                 # ui.steps.api.ApiSteps.jsonPathEqualsString(java.lang.String,java.lang.String)
  And the JSON path "method" should be "GET"                        # ui.steps.api.ApiSteps.jsonPathEqualsString(java.lang.String,java.lang.String)
  And the JSON path "url" should contain "inspect"                  # ui.steps.api.ApiSteps.jsonPathContainsString(java.lang.String,java.lang.String)
      java.lang.ClassCastException: class java.lang.String cannot be cast to class [C (java.lang.String and [C are in module java.base of loader 'bootstrap')
	at ui.steps.api.ApiSteps.jsonPathContainsString(ApiSteps.java:251)
	at âœ½.the JSON path "url" should contain "inspect"(file:///E:/QA_KC/KC-sdet-automation/tests/src/test/resources/features/api/httpbin_regression.feature:95)

]]></system-out>
  </testcase>
  <testcase name="runScenario[&quot;Validate caching headers via /cache/0 (no caching)&quot;, &quot;httpbin Regression API suite (positive and negative coverage)&quot;](26)" classname="com.algodatta.runners.ApiRunner" time="1.403">
    <system-out><![CDATA[
@api_regression
Scenario: Validate custom response headers                                         # src/test/resources/features/api/httpbin_regression.feature:118
  Given I set API base url                                                         # ui.steps.api.ApiSteps.setBaseUrl()
  And I reset API client                                                           # ui.steps.api.ApiSteps.resetClient()
  When I send "POST" request to "/anything/body"     # ui.steps.api.ApiSteps.send(java.lang.String,java.lang.String)
  Then the response status should be 200             # ui.steps.api.ApiSteps.status(java.lang.Integer)
  When I send "GET" request to "/cache/0"                            # ui.steps.api.ApiSteps.send(java.lang.String,java.lang.String)
  Then the response status should be 200                             # ui.steps.api.ApiSteps.status(java.lang.Integer)
  And the response header "Cache-Control" should contain "max-age=0" # ui.steps.api.ApiSteps.headerContains(java.lang.String,java.lang.String)
]]></system-out>
  </testcase>
  <testcase name="runScenario[&quot;Inspect JSON body via /anything&quot;, &quot;httpbin Regression API suite (positive and negative coverage)&quot;](27)" classname="com.algodatta.runners.ApiRunner" time="0.225">
    <system-out><![CDATA[
@api_regression
Scenario Outline: Different response formats should return expected content types # src/test/resources/features/api/httpbin_regression.feature:131
  And the JSON path "json.id" should be 123          # ui.steps.api.ApiSteps.jsonPathEqualsInt(java.lang.String,java.lang.Integer)
  Given I set API base url                                                        # ui.steps.api.ApiSteps.setBaseUrl()
  And I reset API client                                                          # ui.steps.api.ApiSteps.resetClient()
  And the JSON path "json.active" should not be null # ui.steps.api.ApiSteps.jsonPathNotNull(java.lang.String)
]]></system-out>
  </testcase>
  <testcase name="runScenario[&quot;Validate ETag response&quot;, &quot;httpbin Regression API suite (positive and negative coverage)&quot;](28)" classname="com.algodatta.runners.ApiRunner" time="0.285">
    <system-out><![CDATA[
@api_regression
Scenario Outline: Different response formats should return expected content types # src/test/resources/features/api/httpbin_regression.feature:132
  Given I set API base url                                                        # ui.steps.api.ApiSteps.setBaseUrl()
  When I send "GET" request to "/etag/abc123"            # ui.steps.api.ApiSteps.send(java.lang.String,java.lang.String)
  Then the response status should be 200                 # ui.steps.api.ApiSteps.status(java.lang.Integer)
  And the response header "ETag" should contain "abc123" # ui.steps.api.ApiSteps.headerContains(java.lang.String,java.lang.String)
]]></system-out>
  </testcase>
  <testcase name="runScenario[&quot;Validate custom response headers&quot;, &quot;httpbin Regression API suite (positive and negative coverage)&quot;](29)" classname="com.algodatta.runners.ApiRunner" time="0.149">
    <system-out><![CDATA[
@api_regression
Scenario Outline: Different response formats should return expected content types # src/test/resources/features/api/httpbin_regression.feature:133
  Given I set API base url                                                        # ui.steps.api.ApiSteps.setBaseUrl()
  And I reset API client                                                          # ui.steps.api.ApiSteps.resetClient()
  And I reset API client                                                          # ui.steps.api.ApiSteps.resetClient()
  When I send "GET" request to "/response-headers?X-Env=qa&Cache-Control=no-store" # ui.steps.api.ApiSteps.send(java.lang.String,java.lang.String)
  Then the response status should be 200                                           # ui.steps.api.ApiSteps.status(java.lang.Integer)
  And the response header "X-Env" should be "qa"                                   # ui.steps.api.ApiSteps.headerEquals(java.lang.String,java.lang.String)
  And the response header "Cache-Control" should contain "no-store"                # ui.steps.api.ApiSteps.headerContains(java.lang.String,java.lang.String)
]]></system-out>
  </testcase>
  <testcase name="runScenario[&quot;Different response formats should return expected content types&quot;, &quot;httpbin Regression API suite (positive and negative coverage)&quot;](30)" classname="com.algodatta.runners.ApiRunner" time="0.921">
    <system-out><![CDATA[
@api_regression
Scenario Outline: Different response formats should return expected content types # src/test/resources/features/api/httpbin_regression.feature:134
  Given I set API base url                                                        # ui.steps.api.ApiSteps.setBaseUrl()
  And I reset API client                                                          # ui.steps.api.ApiSteps.resetClient()
  When I send "GET" request to "/json"                                            # ui.steps.api.ApiSteps.send(java.lang.String,java.lang.String)
  Then the response status should be 200                                          # ui.steps.api.ApiSteps.status(java.lang.Integer)
  And the response content type should contain "application/json"                 # ui.steps.api.ApiSteps.contentTypeContains(java.lang.String)
]]></system-out>
  </testcase>
  <testcase name="runScenario[&quot;Different response formats should return expected content types&quot;, &quot;httpbin Regression API suite (positive and negative coverage)&quot;](31)" classname="com.algodatta.runners.ApiRunner" time="0.216">
    <system-out><![CDATA[
@api_regression
Scenario Outline: Different response formats should return expected content types # src/test/resources/features/api/httpbin_regression.feature:135
  Given I set API base url                                                        # ui.steps.api.ApiSteps.setBaseUrl()
  And I reset API client                                                          # ui.steps.api.ApiSteps.resetClient()
  When I send "GET" request to "/xml"                                             # ui.steps.api.ApiSteps.send(java.lang.String,java.lang.String)
  Then the response status should be 200                                          # ui.steps.api.ApiSteps.status(java.lang.Integer)
  And the response content type should contain "application/xml"                  # ui.steps.api.ApiSteps.contentTypeContains(java.lang.String)
]]></system-out>
  </testcase>
  <testcase name="runScenario[&quot;Different response formats should return expected content types&quot;, &quot;httpbin Regression API suite (positive and negative coverage)&quot;](32)" classname="com.algodatta.runners.ApiRunner" time="0.14">
    <system-out><![CDATA[
@api_regression
Scenario: Gzip response should be JSON                            # src/test/resources/features/api/httpbin_regression.feature:137
  Given I set API base url                                        # ui.steps.api.ApiSteps.setBaseUrl()
  And I reset API client                                          # ui.steps.api.ApiSteps.resetClient()
  When I send "GET" request to "/robots.txt"                                      # ui.steps.api.ApiSteps.send(java.lang.String,java.lang.String)
  Then the response status should be 200                                          # ui.steps.api.ApiSteps.status(java.lang.Integer)
  And the response content type should contain "text/plain"                       # ui.steps.api.ApiSteps.contentTypeContains(java.lang.String)
]]></system-out>
  </testcase>
  <testcase name="runScenario[&quot;Different response formats should return expected content types&quot;, &quot;httpbin Regression API suite (positive and negative coverage)&quot;](33)" classname="com.algodatta.runners.ApiRunner" time="0.726">
    <system-out><![CDATA[
@api_regression
Scenario: UUID endpoint should return a UUID                      # src/test/resources/features/api/httpbin_regression.feature:144
  Given I set API base url                                        # ui.steps.api.ApiSteps.setBaseUrl()
  And I reset API client                                          # ui.steps.api.ApiSteps.resetClient()
  When I send "GET" request to "/html"                                            # ui.steps.api.ApiSteps.send(java.lang.String,java.lang.String)
  Then the response status should be 200                                          # ui.steps.api.ApiSteps.status(java.lang.Integer)
  And the response content type should contain "text/html"                        # ui.steps.api.ApiSteps.contentTypeContains(java.lang.String)
]]></system-out>
  </testcase>
  <testcase name="runScenario[&quot;Different response formats should return expected content types&quot;, &quot;httpbin Regression API suite (positive and negative coverage)&quot;](34)" classname="com.algodatta.runners.ApiRunner" time="0.657">
    <system-out><![CDATA[
@api_regression
Scenario: Delay endpoint should respond within a reasonable time # src/test/resources/features/api/httpbin_regression.feature:150
  Given I set API base url                                       # ui.steps.api.ApiSteps.setBaseUrl()
  And I reset API client                                         # ui.steps.api.ApiSteps.resetClient()
  When I send "GET" request to "/encoding/utf8"                                   # ui.steps.api.ApiSteps.send(java.lang.String,java.lang.String)
  Then the response status should be 200                                          # ui.steps.api.ApiSteps.status(java.lang.Integer)
  And the response content type should contain "text/html"                        # ui.steps.api.ApiSteps.contentTypeContains(java.lang.String)
]]></system-out>
  </testcase>
  <testcase name="runScenario[&quot;Gzip response should be JSON&quot;, &quot;httpbin Regression API suite (positive and negative coverage)&quot;](35)" classname="com.algodatta.runners.ApiRunner" time="0.293">
    <system-out><![CDATA[
@api_regression
Scenario: Random bytes should return binary                 # src/test/resources/features/api/httpbin_regression.feature:155
  Given I set API base url                                  # ui.steps.api.ApiSteps.setBaseUrl()
  And I reset API client                                    # ui.steps.api.ApiSteps.resetClient()
  Given I set header "Accept" to "application/octet-stream" # ui.steps.api.ApiSteps.setHeader(java.lang.String,java.lang.String)
  When I send "GET" request to "/uuid"                            # ui.steps.api.ApiSteps.send(java.lang.String,java.lang.String)
  Then the response status should be 200                          # ui.steps.api.ApiSteps.status(java.lang.Integer)
  And the response content type should contain "application/json" # ui.steps.api.ApiSteps.contentTypeContains(java.lang.String)
  When I send "GET" request to "/gzip"                            # ui.steps.api.ApiSteps.send(java.lang.String,java.lang.String)
  Then the response status should be 200                          # ui.steps.api.ApiSteps.status(java.lang.Integer)
  And the response content type should contain "application/json" # ui.steps.api.ApiSteps.contentTypeContains(java.lang.String)
  And the JSON path "gzipped" should not be null                  # ui.steps.api.ApiSteps.jsonPathNotNull(java.lang.String)
]]></system-out>
  </testcase>
  <testcase name="runScenario[&quot;UUID endpoint should return a UUID&quot;, &quot;httpbin Regression API suite (positive and negative coverage)&quot;](36)" classname="com.algodatta.runners.ApiRunner" time="0.001">
    <system-out><![CDATA[
@api_regression
Scenario: Create, read and delete cookies           # src/test/resources/features/api/httpbin_regression.feature:161
  And the JSON path "uuid" should not be null                     # ui.steps.api.ApiSteps.jsonPathNotNull(java.lang.String)
]]></system-out>
  </testcase>
  <testcase name="runScenario[&quot;Random bytes should return binary&quot;, &quot;httpbin Regression API suite (positive and negative coverage)&quot;](37)" classname="com.algodatta.runners.ApiRunner" time="1.216">
    <system-out><![CDATA[
@api_regression
Scenario Outline: Image endpoints should return correct image content types # src/test/resources/features/api/httpbin_regression.feature:185
  Given I set API base url                                                  # ui.steps.api.ApiSteps.setBaseUrl()
  And I reset API client                                                    # ui.steps.api.ApiSteps.resetClient()
  Given I set API base url                          # ui.steps.api.ApiSteps.setBaseUrl()
  Given I set header "Accept" to "*/*"                                      # ui.steps.api.ApiSteps.setHeader(java.lang.String,java.lang.String)
  And I reset API client                            # ui.steps.api.ApiSteps.resetClient()
  Given I do not follow redirects                   # ui.steps.api.ApiSteps.noFollowRedirects()
  When I send "GET" request to "/bytes/32"                  # ui.steps.api.ApiSteps.send(java.lang.String,java.lang.String)
  Then the response status should be 200                    # ui.steps.api.ApiSteps.status(java.lang.Integer)
]]></system-out>
  </testcase>
  <testcase name="runScenario[&quot;Image endpoints should return correct image content types&quot;, &quot;httpbin Regression API suite (positive and negative coverage)&quot;](38)" classname="com.algodatta.runners.ApiRunner" time="0.296">
    <system-out><![CDATA[
@api_regression
Scenario Outline: Image endpoints should return correct image content types # src/test/resources/features/api/httpbin_regression.feature:186
  Given I set API base url                                                  # ui.steps.api.ApiSteps.setBaseUrl()
  And I reset API client                                                    # ui.steps.api.ApiSteps.resetClient()
  Given I set header "Accept" to "*/*"                                      # ui.steps.api.ApiSteps.setHeader(java.lang.String,java.lang.String)
  When I send "GET" request to "/image/png"                                 # ui.steps.api.ApiSteps.send(java.lang.String,java.lang.String)
  Then the response status should be 200                                    # ui.steps.api.ApiSteps.status(java.lang.Integer)
  And the response content type should contain "image"                      # ui.steps.api.ApiSteps.contentTypeContains(java.lang.String)
]]></system-out>
  </testcase>
  <testcase name="runScenario[&quot;Delay endpoint should respond within a reasonable time&quot;, &quot;httpbin Regression API suite (positive and negative coverage)&quot;](39)" classname="com.algodatta.runners.ApiRunner" time="0.134">
    <system-out><![CDATA[
@api_regression
Scenario Outline: Image endpoints should return correct image content types # src/test/resources/features/api/httpbin_regression.feature:187
  Given I set API base url                                                  # ui.steps.api.ApiSteps.setBaseUrl()
  And I reset API client                                                    # ui.steps.api.ApiSteps.resetClient()
  Given I set header "Accept" to "*/*"                                      # ui.steps.api.ApiSteps.setHeader(java.lang.String,java.lang.String)
  When I send "GET" request to "/cookies/set?kc=1"  # ui.steps.api.ApiSteps.send(java.lang.String,java.lang.String)
  When I send "GET" request to "/delay/1"                        # ui.steps.api.ApiSteps.send(java.lang.String,java.lang.String)
  Then the response status should be 302            # ui.steps.api.ApiSteps.status(java.lang.Integer)
  Then the response status should be 200                         # ui.steps.api.ApiSteps.status(java.lang.Integer)
  Given I follow redirects                          # ui.steps.api.ApiSteps.followRedirects()
  And the response time should be less than 5000 ms              # ui.steps.api.ApiSteps.responseTimeLessThan(java.lang.Integer)
]]></system-out>
  </testcase>
  <testcase name="runScenario[&quot;Image endpoints should return correct image content types&quot;, &quot;httpbin Regression API suite (positive and negative coverage)&quot;](40)" classname="com.algodatta.runners.ApiRunner" time="1.309">
    <system-out><![CDATA[
@api_regression
Scenario Outline: Image endpoints should return correct image content types # src/test/resources/features/api/httpbin_regression.feature:188
  Given I set API base url                                                  # ui.steps.api.ApiSteps.setBaseUrl()
  And I reset API client                                                    # ui.steps.api.ApiSteps.resetClient()
  Given I set header "Accept" to "*/*"                                      # ui.steps.api.ApiSteps.setHeader(java.lang.String,java.lang.String)
  When I send "GET" request to "/image/jpeg"                                # ui.steps.api.ApiSteps.send(java.lang.String,java.lang.String)
  Then the response status should be 200                                    # ui.steps.api.ApiSteps.status(java.lang.Integer)
  And the response content type should contain "image"                      # ui.steps.api.ApiSteps.contentTypeContains(java.lang.String)
]]></system-out>
  </testcase>
  <testcase name="runScenario[&quot;Image endpoints should return correct image content types&quot;, &quot;httpbin Regression API suite (positive and negative coverage)&quot;](41)" classname="com.algodatta.runners.ApiRunner" time="0.36">
    <system-out><![CDATA[
@api_regression
Scenario: Redirect endpoint should return a redirect when not following # src/test/resources/features/api/httpbin_regression.feature:191
  Given I set API base url                                              # ui.steps.api.ApiSteps.setBaseUrl()
  And I reset API client                                                # ui.steps.api.ApiSteps.resetClient()
  Given I do not follow redirects                                       # ui.steps.api.ApiSteps.noFollowRedirects()
  When I send "GET" request to "/image/svg"                                 # ui.steps.api.ApiSteps.send(java.lang.String,java.lang.String)
  Then the response status should be 200                                    # ui.steps.api.ApiSteps.status(java.lang.Integer)
  And the response content type should contain "image"                      # ui.steps.api.ApiSteps.contentTypeContains(java.lang.String)
]]></system-out>
  </testcase>
  <testcase name="runScenario[&quot;Create, read and delete cookies&quot;, &quot;httpbin Regression API suite (positive and negative coverage)&quot;](42)" classname="com.algodatta.runners.ApiRunner" time="0.298">
    <failure message="Unexpected JSONPath value for: cookies.kc expected [1] but found [null]" type="java.lang.AssertionError"><![CDATA[java.lang.AssertionError: Unexpected JSONPath value for: cookies.kc expected [1] but found [null]
	at org.testng.Assert.fail(Assert.java:111)
	at org.testng.Assert.failNotEquals(Assert.java:1578)
	at org.testng.Assert.assertEqualsImpl(Assert.java:150)
	at org.testng.Assert.assertEquals(Assert.java:132)
	at com.algodatta.api.validators.ResponseValidator.jsonPathEquals(ResponseValidator.java:54)
	at ui.steps.api.ApiSteps.jsonPathEqualsString(ApiSteps.java:245)
	at ✽.the JSON path "cookies.kc" should be "1"(file:///E:/QA_KC/KC-sdet-automation/tests/src/test/resources/features/api/httpbin_regression.feature:169)
]]></failure>
    <system-out><![CDATA[
@api_regression
Scenario: /status/301 returns 301 when redirects are disabled # src/test/resources/features/api/httpbin_regression.feature:197
  Given I set API base url                                    # ui.steps.api.ApiSteps.setBaseUrl()
  And I reset API client                                      # ui.steps.api.ApiSteps.resetClient()
  Given I do not follow redirects                             # ui.steps.api.ApiSteps.noFollowRedirects()
  When I send "GET" request to "/cookies"           # ui.steps.api.ApiSteps.send(java.lang.String,java.lang.String)
  Then the response status should be 200            # ui.steps.api.ApiSteps.status(java.lang.Integer)
  And the JSON path "cookies.kc" should be "1"      # ui.steps.api.ApiSteps.jsonPathEqualsString(java.lang.String,java.lang.String)
      java.lang.AssertionError: Unexpected JSONPath value for: cookies.kc expected [1] but found [null]
	at org.testng.Assert.fail(Assert.java:111)
	at org.testng.Assert.failNotEquals(Assert.java:1578)
	at org.testng.Assert.assertEqualsImpl(Assert.java:150)
	at org.testng.Assert.assertEquals(Assert.java:132)
	at com.algodatta.api.validators.ResponseValidator.jsonPathEquals(ResponseValidator.java:54)
	at ui.steps.api.ApiSteps.jsonPathEqualsString(ApiSteps.java:245)
	at âœ½.the JSON path "cookies.kc" should be "1"(file:///E:/QA_KC/KC-sdet-automation/tests/src/test/resources/features/api/httpbin_regression.feature:169)

  Given I do not follow redirects                   # ui.steps.api.ApiSteps.noFollowRedirects()
  When I send "GET" request to "/cookies/delete?kc" # ui.steps.api.ApiSteps.send(java.lang.String,java.lang.String)
  Then the response status should be 302            # ui.steps.api.ApiSteps.status(java.lang.Integer)
  Given I follow redirects                          # ui.steps.api.ApiSteps.followRedirects()
  When I send "GET" request to "/cookies"           # ui.steps.api.ApiSteps.send(java.lang.String,java.lang.String)
  Then the response status should be 200            # ui.steps.api.ApiSteps.status(java.lang.Integer)
]]></system-out>
  </testcase>
  <testcase name="runScenario[&quot;Image endpoints should return correct image content types&quot;, &quot;httpbin Regression API suite (positive and negative coverage)&quot;](43)" classname="com.algodatta.runners.ApiRunner" time="0.924">
    <system-out><![CDATA[
@api_regression
Scenario: Redirect endpoint should reach final destination when following # src/test/resources/features/api/httpbin_regression.feature:202
  Given I set API base url                                                # ui.steps.api.ApiSteps.setBaseUrl()
  And I reset API client                                                  # ui.steps.api.ApiSteps.resetClient()
  Given I follow redirects                                                # ui.steps.api.ApiSteps.followRedirects()
  When I send "GET" request to "/image/webp"                                # ui.steps.api.ApiSteps.send(java.lang.String,java.lang.String)
  Then the response status should be 200                                    # ui.steps.api.ApiSteps.status(java.lang.Integer)
  And the response content type should contain "image"                      # ui.steps.api.ApiSteps.contentTypeContains(java.lang.String)
]]></system-out>
  </testcase>
  <testcase name="runScenario[&quot;Redirect endpoint should return a redirect when not following&quot;, &quot;httpbin Regression API suite (positive and negative coverage)&quot;](44)" classname="com.algodatta.runners.ApiRunner" time="0.241">
    <system-out><![CDATA[
@api_regression
Scenario: Redirect to a custom URL                                                        # src/test/resources/features/api/httpbin_regression.feature:208
  Given I set API base url                                                                # ui.steps.api.ApiSteps.setBaseUrl()
  And I reset API client                                                                  # ui.steps.api.ApiSteps.resetClient()
  Given I do not follow redirects                                                         # ui.steps.api.ApiSteps.noFollowRedirects()
  When I send "GET" request to "/redirect/2"                            # ui.steps.api.ApiSteps.send(java.lang.String,java.lang.String)
  Then the response status should be 302                                # ui.steps.api.ApiSteps.status(java.lang.Integer)
]]></system-out>
  </testcase>
  <testcase name="runScenario[&quot;/status/301 returns 301 when redirects are disabled&quot;, &quot;httpbin Regression API suite (positive and negative coverage)&quot;](45)" classname="com.algodatta.runners.ApiRunner" time="0.225">
    <system-out><![CDATA[
@api_regression
Scenario: /anything should echo arbitrary path, headers and payload # src/test/resources/features/api/httpbin_regression.feature:214
  Given I set API base url                                          # ui.steps.api.ApiSteps.setBaseUrl()
  And I reset API client                                            # ui.steps.api.ApiSteps.resetClient()
  Given I set header "X-Custom" to "hello"                          # ui.steps.api.ApiSteps.setHeader(java.lang.String,java.lang.String)
  And I set query param "n" to "99"                                 # ui.steps.api.ApiSteps.setQueryParam(java.lang.String,java.lang.String)
  And I set JSON body                                               # ui.steps.api.ApiSteps.setJsonBody(java.lang.String)
  When I send "GET" request to "/status/301"                  # ui.steps.api.ApiSteps.send(java.lang.String,java.lang.String)
  Then the response status should be 301                      # ui.steps.api.ApiSteps.status(java.lang.Integer)
]]></system-out>
  </testcase>
  <testcase name="runScenario[&quot;Redirect endpoint should reach final destination when following&quot;, &quot;httpbin Regression API suite (positive and negative coverage)&quot;](46)" classname="com.algodatta.runners.ApiRunner" time="1.179">
    <system-out><![CDATA[
@api_smoke
Scenario: Basic GET should return 200 and JSON                    # src/test/resources/features/api/httpbin_smoke.feature:13
  Given I set API base url                                        # ui.steps.api.ApiSteps.setBaseUrl()
  And I reset API client                                          # ui.steps.api.ApiSteps.resetClient()
  When I send "GET" request to "/redirect/2"                              # ui.steps.api.ApiSteps.send(java.lang.String,java.lang.String)
  Then the response status should be 200                                  # ui.steps.api.ApiSteps.status(java.lang.Integer)
  And the response content type should contain "application/json"         # ui.steps.api.ApiSteps.contentTypeContains(java.lang.String)
]]></system-out>
  </testcase>
  <testcase name="runScenario[&quot;Redirect to a custom URL&quot;, &quot;httpbin Regression API suite (positive and negative coverage)&quot;](47)" classname="com.algodatta.runners.ApiRunner" time="0.16">
    <system-out><![CDATA[
@api_smoke
Scenario: GET /anything echoes the request method                 # src/test/resources/features/api/httpbin_smoke.feature:19
  Given I set API base url                                        # ui.steps.api.ApiSteps.setBaseUrl()
  And I reset API client                                          # ui.steps.api.ApiSteps.resetClient()
  When I send "GET" request to "/redirect-to?url=https://httpbin.org/get&status_code=307" # ui.steps.api.ApiSteps.send(java.lang.String,java.lang.String)
  Then the response status should be 307                                                  # ui.steps.api.ApiSteps.status(java.lang.Integer)
]]></system-out>
  </testcase>
  <testcase name="runScenario[&quot;/anything should echo arbitrary path, headers and payload&quot;, &quot;httpbin Regression API suite (positive and negative coverage)&quot;](48)" classname="com.algodatta.runners.ApiRunner" time="0.243">
    <system-out><![CDATA[
@api_smoke
Scenario: Basic POST should echo JSON payload                     # src/test/resources/features/api/httpbin_smoke.feature:25
  Given I set API base url                                        # ui.steps.api.ApiSteps.setBaseUrl()
  And I reset API client                                          # ui.steps.api.ApiSteps.resetClient()
  Given I set header "Accept" to "application/json"               # ui.steps.api.ApiSteps.setHeader(java.lang.String,java.lang.String)
  And I set JSON body                                             # ui.steps.api.ApiSteps.setJsonBody(java.lang.String)
  When I send "POST" request to "/anything/alpha/beta"              # ui.steps.api.ApiSteps.send(java.lang.String,java.lang.String)
  Then the response status should be 200                            # ui.steps.api.ApiSteps.status(java.lang.Integer)
  And the response content type should contain "application/json"   # ui.steps.api.ApiSteps.contentTypeContains(java.lang.String)
  And the JSON path "headers.X-Custom" should be "hello"            # ui.steps.api.ApiSteps.jsonPathEqualsString(java.lang.String,java.lang.String)
  And the JSON path "args.n" should be "99"                         # ui.steps.api.ApiSteps.jsonPathEqualsString(java.lang.String,java.lang.String)
  And the JSON path "json.msg" should be "ping"                     # ui.steps.api.ApiSteps.jsonPathEqualsString(java.lang.String,java.lang.String)
]]></system-out>
  </testcase>
  <testcase name="runScenario[&quot;Basic GET should return 200 and JSON&quot;, &quot;httpbin Smoke API suite&quot;](49)" classname="com.algodatta.runners.ApiRunner" time="0.245">
    <system-out><![CDATA[
@api_smoke
Scenario: Basic Auth positive                            # src/test/resources/features/api/httpbin_smoke.feature:37
  Given I set API base url                               # ui.steps.api.ApiSteps.setBaseUrl()
  And I reset API client                                 # ui.steps.api.ApiSteps.resetClient()
  Given I use basic auth "user" and "passwd"             # ui.steps.api.ApiSteps.basicAuth(java.lang.String,java.lang.String)
  When I send "GET" request to "/get?hello=world"                 # ui.steps.api.ApiSteps.send(java.lang.String,java.lang.String)
  Then the response status should be 200                          # ui.steps.api.ApiSteps.status(java.lang.Integer)
  And the response content type should contain "application/json" # ui.steps.api.ApiSteps.contentTypeContains(java.lang.String)
  And the JSON path "args.hello" should be "world"                # ui.steps.api.ApiSteps.jsonPathEqualsString(java.lang.String,java.lang.String)
]]></system-out>
  </testcase>
  <testcase name="runScenario[&quot;GET /anything echoes the request method&quot;, &quot;httpbin Smoke API suite&quot;](50)" classname="com.algodatta.runners.ApiRunner" time="0.952">
    <system-out><![CDATA[
@api_smoke
Scenario: Basic Auth negative                            # src/test/resources/features/api/httpbin_smoke.feature:43
  Given I set API base url                               # ui.steps.api.ApiSteps.setBaseUrl()
  And I reset API client                                 # ui.steps.api.ApiSteps.resetClient()
  Given I use basic auth "user" and "wrong"              # ui.steps.api.ApiSteps.basicAuth(java.lang.String,java.lang.String)
  When I send "GET" request to "/anything"                        # ui.steps.api.ApiSteps.send(java.lang.String,java.lang.String)
  Then the response status should be 200                          # ui.steps.api.ApiSteps.status(java.lang.Integer)
  And the response content type should contain "application/json" # ui.steps.api.ApiSteps.contentTypeContains(java.lang.String)
  And the JSON path "method" should be "GET"                      # ui.steps.api.ApiSteps.jsonPathEqualsString(java.lang.String,java.lang.String)
]]></system-out>
  </testcase>
  <testcase name="runScenario[&quot;Basic POST should echo JSON payload&quot;, &quot;httpbin Smoke API suite&quot;](51)" classname="com.algodatta.runners.ApiRunner" time="0.463">
    <failure message="Unexpected status code expected [200] but found [400]" type="java.lang.AssertionError"><![CDATA[java.lang.AssertionError: Unexpected status code expected [200] but found [400]
	at org.testng.Assert.fail(Assert.java:111)
	at org.testng.Assert.failNotEquals(Assert.java:1578)
	at org.testng.Assert.assertEqualsImpl(Assert.java:150)
	at org.testng.Assert.assertEquals(Assert.java:132)
	at org.testng.Assert.assertEquals(Assert.java:1419)
	at org.testng.Assert.assertEquals(Assert.java:1383)
	at com.algodatta.api.validators.ResponseValidator.status(ResponseValidator.java:12)
	at ui.steps.api.ApiSteps.status(ApiSteps.java:215)
	at ✽.the response status should be 200(file:///E:/QA_KC/KC-sdet-automation/tests/src/test/resources/features/api/httpbin_smoke.feature:32)
]]></failure>
    <system-out><![CDATA[
@api_smoke
Scenario: Get a single post                                                            # src/test/resources/features/api/jsonplaceholder_smoke.feature:10
  Given I use base url "https://jsonplaceholder.typicode.com"                          # ui.steps.api.ApiSteps.useBaseUrl(java.lang.String)
  When I send "POST" request to "/post"                           # ui.steps.api.ApiSteps.send(java.lang.String,java.lang.String)
  Then the response status should be 200                          # ui.steps.api.ApiSteps.status(java.lang.Integer)
      java.lang.AssertionError: Unexpected status code expected [200] but found [400]
	at org.testng.Assert.fail(Assert.java:111)
	at org.testng.Assert.failNotEquals(Assert.java:1578)
	at org.testng.Assert.assertEqualsImpl(Assert.java:150)
	at org.testng.Assert.assertEquals(Assert.java:132)
	at org.testng.Assert.assertEquals(Assert.java:1419)
	at org.testng.Assert.assertEquals(Assert.java:1383)
	at com.algodatta.api.validators.ResponseValidator.status(ResponseValidator.java:12)
	at ui.steps.api.ApiSteps.status(ApiSteps.java:215)
	at âœ½.the response status should be 200(file:///E:/QA_KC/KC-sdet-automation/tests/src/test/resources/features/api/httpbin_smoke.feature:32)

  And the response content type should contain "application/json" # ui.steps.api.ApiSteps.contentTypeContains(java.lang.String)
  And the JSON path "json.name" should be "kc"                    # ui.steps.api.ApiSteps.jsonPathEqualsString(java.lang.String,java.lang.String)
  And the JSON path "json.type" should be "smoke"                 # ui.steps.api.ApiSteps.jsonPathEqualsString(java.lang.String,java.lang.String)
]]></system-out>
  </testcase>
  <testcase name="runScenario[&quot;Basic Auth negative&quot;, &quot;httpbin Smoke API suite&quot;](52)" classname="com.algodatta.runners.ApiRunner" time="0.577">
    <failure message="Unexpected status code expected [401] but found [400]" type="java.lang.AssertionError"><![CDATA[java.lang.AssertionError: Unexpected status code expected [401] but found [400]
	at org.testng.Assert.fail(Assert.java:111)
	at org.testng.Assert.failNotEquals(Assert.java:1578)
	at org.testng.Assert.assertEqualsImpl(Assert.java:150)
	at org.testng.Assert.assertEquals(Assert.java:132)
	at org.testng.Assert.assertEquals(Assert.java:1419)
	at org.testng.Assert.assertEquals(Assert.java:1383)
	at com.algodatta.api.validators.ResponseValidator.status(ResponseValidator.java:12)
	at ui.steps.api.ApiSteps.status(ApiSteps.java:215)
	at ✽.the response status should be 401(file:///E:/QA_KC/KC-sdet-automation/tests/src/test/resources/features/api/httpbin_smoke.feature:46)
]]></failure>
    <system-out><![CDATA[
@api_smoke
Scenario: List posts for a user                                                               # src/test/resources/features/api/jsonplaceholder_smoke.feature:18
  Given I use base url "https://jsonplaceholder.typicode.com"                                 # ui.steps.api.ApiSteps.useBaseUrl(java.lang.String)
  When I GET "/posts/1"                                                                # ui.steps.api.ApiSteps.get(java.lang.String)
  Then the response status should be 200                                               # ui.steps.api.ApiSteps.status(java.lang.Integer)
  And json path "id" should be 1                                                       # ui.steps.api.ApiSteps.jsonPathShortInt(java.lang.String,java.lang.Integer)
  When I GET "/posts?userId=1"                                                                # ui.steps.api.ApiSteps.get(java.lang.String)
  Then the response status should be 200                                                      # ui.steps.api.ApiSteps.status(java.lang.Integer)
  And the response array at "$" size should be greater than 0                                 # ui.steps.api.ApiSteps.arraySizeGreaterThan(java.lang.String,int)
  And json path "userId" should be 1                                                   # ui.steps.api.ApiSteps.jsonPathShortInt(java.lang.String,java.lang.Integer)
  And json path "title" should not be null                                             # ui.steps.api.ApiSteps.jsonPathShortNotNull(java.lang.String)
  And each item in response array has json path "userId" equals 1                             # ui.steps.api.ApiSteps.eachItemJsonPathEqualsInt(java.lang.String,int)
  When I send "GET" request to "/basic-auth/user/passwd" # ui.steps.api.ApiSteps.send(java.lang.String,java.lang.String)
  When I send "GET" request to "/basic-auth/user/passwd" # ui.steps.api.ApiSteps.send(java.lang.String,java.lang.String)
  Then the response status should be 401                 # ui.steps.api.ApiSteps.status(java.lang.Integer)
      java.lang.AssertionError: Unexpected status code expected [401] but found [400]
	at org.testng.Assert.fail(Assert.java:111)
	at org.testng.Assert.failNotEquals(Assert.java:1578)
	at org.testng.Assert.assertEqualsImpl(Assert.java:150)
	at org.testng.Assert.assertEquals(Assert.java:132)
	at org.testng.Assert.assertEquals(Assert.java:1419)
	at org.testng.Assert.assertEquals(Assert.java:1383)
	at com.algodatta.api.validators.ResponseValidator.status(ResponseValidator.java:12)
	at ui.steps.api.ApiSteps.status(ApiSteps.java:215)
	at âœ½.the response status should be 401(file:///E:/QA_KC/KC-sdet-automation/tests/src/test/resources/features/api/httpbin_smoke.feature:46)

  Then the response status should be 200                 # ui.steps.api.ApiSteps.status(java.lang.Integer)
      java.lang.AssertionError: Unexpected status code expected [200] but found [400]
	at org.testng.Assert.fail(Assert.java:111)
	at org.testng.Assert.failNotEquals(Assert.java:1578)
	at org.testng.Assert.assertEqualsImpl(Assert.java:150)
	at org.testng.Assert.assertEquals(Assert.java:132)
	at org.testng.Assert.assertEquals(Assert.java:1419)
	at org.testng.Assert.assertEquals(Assert.java:1383)
	at com.algodatta.api.validators.ResponseValidator.status(ResponseValidator.java:12)
	at ui.steps.api.ApiSteps.status(ApiSteps.java:215)
	at âœ½.the response status should be 200(file:///E:/QA_KC/KC-sdet-automation/tests/src/test/resources/features/api/httpbin_smoke.feature:40)

  And the JSON path "authenticated" should not be null   # ui.steps.api.ApiSteps.jsonPathNotNull(java.lang.String)
]]></system-out>
  </testcase>
  <testcase name="runScenario[&quot;Basic Auth positive&quot;, &quot;httpbin Smoke API suite&quot;](53)" classname="com.algodatta.runners.ApiRunner" time="0.0">
    <failure message="Unexpected status code expected [200] but found [400]" type="java.lang.AssertionError"><![CDATA[java.lang.AssertionError: Unexpected status code expected [200] but found [400]
	at org.testng.Assert.fail(Assert.java:111)
	at org.testng.Assert.failNotEquals(Assert.java:1578)
	at org.testng.Assert.assertEqualsImpl(Assert.java:150)
	at org.testng.Assert.assertEquals(Assert.java:132)
	at org.testng.Assert.assertEquals(Assert.java:1419)
	at org.testng.Assert.assertEquals(Assert.java:1383)
	at com.algodatta.api.validators.ResponseValidator.status(ResponseValidator.java:12)
	at ui.steps.api.ApiSteps.status(ApiSteps.java:215)
	at ✽.the response status should be 200(file:///E:/QA_KC/KC-sdet-automation/tests/src/test/resources/features/api/httpbin_smoke.feature:40)
]]></failure>
  </testcase>
  <testcase name="runScenario[&quot;Get a single post&quot;, &quot;JSONPlaceholder API smoke coverage&quot;](54)" classname="com.algodatta.runners.ApiRunner" time="0.827">
    <system-out><![CDATA[
@api_smoke
Scenario: Get a user                                                                   # src/test/resources/features/api/jsonplaceholder_smoke.feature:25

@api_smoke
Scenario: List comments for a post                                                               # src/test/resources/features/api/jsonplaceholder_smoke.feature:32
  Given I use base url "https://jsonplaceholder.typicode.com"                          # ui.steps.api.ApiSteps.useBaseUrl(java.lang.String)
  Given I use base url "https://jsonplaceholder.typicode.com"                                    # ui.steps.api.ApiSteps.useBaseUrl(java.lang.String)
  When I GET "/users/1"                                                                # ui.steps.api.ApiSteps.get(java.lang.String)
  Then the response status should be 200                                               # ui.steps.api.ApiSteps.status(java.lang.Integer)
  And json path "id" should be 1                                                       # ui.steps.api.ApiSteps.jsonPathShortInt(java.lang.String,java.lang.Integer)
  And json path "email" should contain "@"                                             # ui.steps.api.ApiSteps.jsonPathShortContains(java.lang.String,java.lang.String)
  When I GET "/comments?postId=1"                                                                # ui.steps.api.ApiSteps.get(java.lang.String)
  Then the response status should be 200                                                         # ui.steps.api.ApiSteps.status(java.lang.Integer)
  And the response array at "$" size should be greater than 0                                    # ui.steps.api.ApiSteps.arraySizeGreaterThan(java.lang.String,int)
  And each item in response array has json path "postId" equals 1                                # ui.steps.api.ApiSteps.eachItemJsonPathEqualsInt(java.lang.String,int)
  And the response should match json schema "schemas/jsonplaceholder_post_schema.json" # ui.steps.api.ApiSteps.schema(java.lang.String)
  And the response should match json schema "schemas/jsonplaceholder_user_schema.json" # ui.steps.api.ApiSteps.schema(java.lang.String)
]]></system-out>
  </testcase>
  <testcase name="runScenario[&quot;Get a user&quot;, &quot;JSONPlaceholder API smoke coverage&quot;](55)" classname="com.algodatta.runners.ApiRunner" time="0.016">
    <system-out><![CDATA[  And the response should match json schema "schemas/jsonplaceholder_comments_array_schema.json" # ui.steps.api.ApiSteps.schema(java.lang.String)
]]></system-out>
  </testcase>
  <testcase name="runScenario[&quot;List comments for a post&quot;, &quot;JSONPlaceholder API smoke coverage&quot;](56)" classname="com.algodatta.runners.ApiRunner" time="0.0"/>
  <testcase name="runScenario[&quot;List posts for a user&quot;, &quot;JSONPlaceholder API smoke coverage&quot;](57)" classname="com.algodatta.runners.ApiRunner" time="0.068">
    <system-out><![CDATA[  And the response should match json schema "schemas/jsonplaceholder_posts_array_schema.json" # ui.steps.api.ApiSteps.schema(java.lang.String)
]]></system-out>
  </testcase>
  <testcase name="runScenario[&quot;Get an album&quot;, &quot;JSONPlaceholder API smoke coverage&quot;](58)" classname="com.algodatta.runners.ApiRunner" time="0.446">
    <system-out><![CDATA[
@api_smoke
Scenario: Create a post                                                                                # src/test/resources/features/api/jsonplaceholder_smoke.feature:61
  Given I use base url "https://jsonplaceholder.typicode.com"                                          # ui.steps.api.ApiSteps.useBaseUrl(java.lang.String)

@api_smoke
Scenario: Get an album                                                                  # src/test/resources/features/api/jsonplaceholder_smoke.feature:46

@api_smoke
Scenario: List photos in an album                                                              # src/test/resources/features/api/jsonplaceholder_smoke.feature:54
  Given I use base url "https://jsonplaceholder.typicode.com"                                  # ui.steps.api.ApiSteps.useBaseUrl(java.lang.String)

@api_smoke
Scenario: Get a todo                                                                   # src/test/resources/features/api/jsonplaceholder_smoke.feature:39
  Given I use base url "https://jsonplaceholder.typicode.com"                          # ui.steps.api.ApiSteps.useBaseUrl(java.lang.String)
  Given I use base url "https://jsonplaceholder.typicode.com"                           # ui.steps.api.ApiSteps.useBaseUrl(java.lang.String)
  When I GET "/albums/1"                                                                # ui.steps.api.ApiSteps.get(java.lang.String)
  Then the response status should be 200                                                # ui.steps.api.ApiSteps.status(java.lang.Integer)
  And json path "id" should be 1                                                        # ui.steps.api.ApiSteps.jsonPathShortInt(java.lang.String,java.lang.Integer)
  And json path "userId" should be 1                                                    # ui.steps.api.ApiSteps.jsonPathShortInt(java.lang.String,java.lang.Integer)
  And json path "title" should not be null                                              # ui.steps.api.ApiSteps.jsonPathShortNotNull(java.lang.String)
  And the response should match json schema "schemas/jsonplaceholder_album_schema.json" # ui.steps.api.ApiSteps.schema(java.lang.String)
]]></system-out>
  </testcase>
  <testcase name="runScenario[&quot;Get a todo&quot;, &quot;JSONPlaceholder API smoke coverage&quot;](59)" classname="com.algodatta.runners.ApiRunner" time="0.128">
    <system-out><![CDATA[
@api_smoke
Scenario: Update a post with PUT                                                       # src/test/resources/features/api/jsonplaceholder_smoke.feature:75
  Given I use base url "https://jsonplaceholder.typicode.com"                          # ui.steps.api.ApiSteps.useBaseUrl(java.lang.String)
  When I GET "/todos/1"                                                                # ui.steps.api.ApiSteps.get(java.lang.String)
  Then the response status should be 200                                               # ui.steps.api.ApiSteps.status(java.lang.Integer)
  And json path "id" should be 1                                                       # ui.steps.api.ApiSteps.jsonPathShortInt(java.lang.String,java.lang.Integer)
  And json path "userId" should be 1                                                   # ui.steps.api.ApiSteps.jsonPathShortInt(java.lang.String,java.lang.Integer)
  And the response should match json schema "schemas/jsonplaceholder_todo_schema.json" # ui.steps.api.ApiSteps.schema(java.lang.String)
]]></system-out>
  </testcase>
  <testcase name="runScenario[&quot;List photos in an album&quot;, &quot;JSONPlaceholder API smoke coverage&quot;](60)" classname="com.algodatta.runners.ApiRunner" time="0.528">
    <system-out><![CDATA[
@api_smoke
Scenario: Partial update a post with PATCH                    # src/test/resources/features/api/jsonplaceholder_smoke.feature:90
  Given I use base url "https://jsonplaceholder.typicode.com" # ui.steps.api.ApiSteps.useBaseUrl(java.lang.String)
  When I GET "/photos?albumId=1"                                                               # ui.steps.api.ApiSteps.get(java.lang.String)
  Then the response status should be 200                                                       # ui.steps.api.ApiSteps.status(java.lang.Integer)
  And the response array at "$" size should be greater than 0                                  # ui.steps.api.ApiSteps.arraySizeGreaterThan(java.lang.String,int)
  And each item in response array has json path "albumId" equals 1                             # ui.steps.api.ApiSteps.eachItemJsonPathEqualsInt(java.lang.String,int)
  And the response should match json schema "schemas/jsonplaceholder_photos_array_schema.json" # ui.steps.api.ApiSteps.schema(java.lang.String)
]]></system-out>
  </testcase>
  <testcase name="runScenario[&quot;Partial update a post with PATCH&quot;, &quot;JSONPlaceholder API smoke coverage&quot;](61)" classname="com.algodatta.runners.ApiRunner" time="0.841">
    <system-out><![CDATA[
@api_smoke
Scenario: Delete a post                                       # src/test/resources/features/api/jsonplaceholder_smoke.feature:100
  Given I use base url "https://jsonplaceholder.typicode.com" # ui.steps.api.ApiSteps.useBaseUrl(java.lang.String)
  When I POST "/posts" with json body:                                                                 # ui.steps.api.ApiSteps.postWithBody(java.lang.String,java.lang.String)
  Then the response status should be 201                                                               # ui.steps.api.ApiSteps.status(java.lang.Integer)
  When I PATCH "/posts/1" with json body:                     # ui.steps.api.ApiSteps.patchWithBody(java.lang.String,java.lang.String)
  Then the response status should be 200                      # ui.steps.api.ApiSteps.status(java.lang.Integer)
  And json path "id" should not be null                                                                # ui.steps.api.ApiSteps.jsonPathShortNotNull(java.lang.String)
  And json path "title" should be "patched title"             # ui.steps.api.ApiSteps.jsonPathShortString(java.lang.String,java.lang.String)
  And json path "userId" should be 1                                                                   # ui.steps.api.ApiSteps.jsonPathShortInt(java.lang.String,java.lang.Integer)
]]></system-out>
  </testcase>
  <testcase name="runScenario[&quot;Create a post&quot;, &quot;JSONPlaceholder API smoke coverage&quot;](62)" classname="com.algodatta.runners.ApiRunner" time="0.007">
    <system-out><![CDATA[
@api_smoke
Scenario: Login then fetch user details                                       # src/test/resources/features/api/reqres.feature:8
  And the response should match json schema "schemas/jsonplaceholder_post_create_response_schema.json" # ui.steps.api.ApiSteps.schema(java.lang.String)
]]></system-out>
  </testcase>
  <testcase name="runScenario[&quot;Login then fetch user details&quot;, &quot;ReqRes API validation&quot;](63)" classname="com.algodatta.runners.ApiRunner" time="0.017">
    <failure message="Unexpected status code expected [200] but found [403]" type="java.lang.AssertionError"><![CDATA[java.lang.AssertionError: Unexpected status code expected [200] but found [403]
	at org.testng.Assert.fail(Assert.java:111)
	at org.testng.Assert.failNotEquals(Assert.java:1578)
	at org.testng.Assert.assertEqualsImpl(Assert.java:150)
	at org.testng.Assert.assertEquals(Assert.java:132)
	at org.testng.Assert.assertEquals(Assert.java:1419)
	at org.testng.Assert.assertEquals(Assert.java:1383)
	at com.algodatta.api.validators.ResponseValidator.status(ResponseValidator.java:12)
	at ui.steps.api.ApiSteps.status(ApiSteps.java:215)
	at ✽.the response status should be 200(file:///E:/QA_KC/KC-sdet-automation/tests/src/test/resources/features/api/reqres.feature:11)
]]></failure>
    <system-out><![CDATA[  Given I use base url "https://reqres.in"                                    # ui.steps.api.ApiSteps.useBaseUrl(java.lang.String)
  When I PUT "/posts/1" with json body:                                                # ui.steps.api.ApiSteps.putWithBody(java.lang.String,java.lang.String)
  Then the response status should be 200                                               # ui.steps.api.ApiSteps.status(java.lang.Integer)
  And json path "id" should be 1                                                       # ui.steps.api.ApiSteps.jsonPathShortInt(java.lang.String,java.lang.Integer)
  And json path "title" should be "updated title"                                      # ui.steps.api.ApiSteps.jsonPathShortString(java.lang.String,java.lang.String)
  And the response should match json schema "schemas/jsonplaceholder_post_schema.json" # ui.steps.api.ApiSteps.schema(java.lang.String)
  When I login with email "eve.holt@reqres.in" and password "cityslicka"      # ui.steps.api.ApiSteps.loginWithEmail(java.lang.String,java.lang.String)
  Then the response status should be 200                                      # ui.steps.api.ApiSteps.status(java.lang.Integer)
      java.lang.AssertionError: Unexpected status code expected [200] but found [403]
	at org.testng.Assert.fail(Assert.java:111)
	at org.testng.Assert.failNotEquals(Assert.java:1578)
	at org.testng.Assert.assertEqualsImpl(Assert.java:150)
	at org.testng.Assert.assertEquals(Assert.java:132)
	at org.testng.Assert.assertEquals(Assert.java:1419)
	at org.testng.Assert.assertEquals(Assert.java:1383)
	at com.algodatta.api.validators.ResponseValidator.status(ResponseValidator.java:12)
	at ui.steps.api.ApiSteps.status(ApiSteps.java:215)
	at âœ½.the response status should be 200(file:///E:/QA_KC/KC-sdet-automation/tests/src/test/resources/features/api/reqres.feature:11)

  And json path "token" should not be null                                    # ui.steps.api.ApiSteps.jsonPathShortNotNull(java.lang.String)
  When I GET "/api/users/2"                                                   # ui.steps.api.ApiSteps.get(java.lang.String)
  Then the response status should be 200                                      # ui.steps.api.ApiSteps.status(java.lang.Integer)
  And the response should match json schema "schemas/reqres_user_schema.json" # ui.steps.api.ApiSteps.schema(java.lang.String)
]]></system-out>
  </testcase>
  <testcase name="runScenario[&quot;Update a post with PUT&quot;, &quot;JSONPlaceholder API smoke coverage&quot;](64)" classname="com.algodatta.runners.ApiRunner" time="0.019"/>
  <testcase name="runScenario[&quot;Delete a post&quot;, &quot;JSONPlaceholder API smoke coverage&quot;](65)" classname="com.algodatta.runners.ApiRunner" time="0.487">
    <system-out><![CDATA[  When I DELETE "/posts/1"                                    # ui.steps.api.ApiSteps.delete(java.lang.String)
  Then the response status should be 200                      # ui.steps.api.ApiSteps.status(java.lang.Integer)
]]></system-out>
  </testcase>
</testsuite>