<?xml version="1.0" encoding="UTF-8"?>
<testng-results ignored="0" total="65" passed="59" failed="6" skipped="0">
  <reporter-output>
  </reporter-output>
  <suite started-at="2026-02-23T02:29:36 IST" name="Surefire suite" finished-at="2026-02-23T02:30:24 IST" duration-ms="47939">
    <groups>
      <group name="cucumber">
        <method signature="AbstractTestNGCucumberTests.runScenario(io.cucumber.testng.PickleWrapper,io.cucumber.testng.FeatureWrapper)[pri:0, instance:com.algodatta.runners.ApiRunner@6ee660fb]" name="runScenario" class="io.cucumber.testng.AbstractTestNGCucumberTests"/>
        <method signature="AbstractTestNGCucumberTests.runScenario(io.cucumber.testng.PickleWrapper,io.cucumber.testng.FeatureWrapper)[pri:0, instance:com.algodatta.runners.uiRunner@4b41e4dd]" name="runScenario" class="io.cucumber.testng.AbstractTestNGCucumberTests"/>
      </group> <!-- cucumber -->
    </groups>
    <test started-at="2026-02-23T02:29:36 IST" name="Surefire test" finished-at="2026-02-23T02:30:24 IST" duration-ms="47939">
      <class name="com.algodatta.runners.ApiRunner">
        <test-method is-config="true" signature="setUpClass(org.testng.ITestContext)[pri:0, instance:com.algodatta.runners.ApiRunner@6ee660fb]" started-at="2026-02-23T02:29:37 IST" name="setUpClass" finished-at="2026-02-23T02:29:40 IST" duration-ms="3565" status="PASS">
          <params>
            <param index="0">
              <value>
                <![CDATA[org.testng.TestRunner@a2341c6]]>
              </value>
            </param>
          </params>
          <reporter-output>
          </reporter-output>
        </test-method> <!-- setUpClass -->
        <test-method signature="runScenario(io.cucumber.testng.PickleWrapper,io.cucumber.testng.FeatureWrapper)[pri:0, instance:com.algodatta.runners.ApiRunner@6ee660fb]" started-at="2026-02-23T02:29:40 IST" name="runScenario" description="Runs Cucumber Scenarios" data-provider="scenarios" finished-at="2026-02-23T02:29:49 IST" duration-ms="9224" status="PASS">
          <params>
            <param index="0">
              <value>
                <![CDATA["HTTP verb endpoints return success and JSON"]]>
              </value>
            </param>
            <param index="1">
              <value>
                <![CDATA["httpbin Regression API suite (positive and negative coverage)"]]>
              </value>
            </param>
          </params>
          <reporter-output>
          </reporter-output>
        </test-method> <!-- runScenario -->
        <test-method signature="runScenario(io.cucumber.testng.PickleWrapper,io.cucumber.testng.FeatureWrapper)[pri:0, instance:com.algodatta.runners.ApiRunner@6ee660fb]" started-at="2026-02-23T02:29:40 IST" name="runScenario" description="Runs Cucumber Scenarios" data-provider="scenarios" finished-at="2026-02-23T02:29:49 IST" duration-ms="9223" status="PASS">
          <params>
            <param index="0">
              <value>
                <![CDATA["HTTP verb endpoints return success and JSON"]]>
              </value>
            </param>
            <param index="1">
              <value>
                <![CDATA["httpbin Regression API suite (positive and negative coverage)"]]>
              </value>
            </param>
          </params>
          <reporter-output>
          </reporter-output>
        </test-method> <!-- runScenario -->
        <test-method signature="runScenario(io.cucumber.testng.PickleWrapper,io.cucumber.testng.FeatureWrapper)[pri:0, instance:com.algodatta.runners.ApiRunner@6ee660fb]" started-at="2026-02-23T02:29:40 IST" name="runScenario" description="Runs Cucumber Scenarios" data-provider="scenarios" finished-at="2026-02-23T02:29:49 IST" duration-ms="9194" status="PASS">
          <params>
            <param index="0">
              <value>
                <![CDATA["HTTP verb endpoints return success and JSON"]]>
              </value>
            </param>
            <param index="1">
              <value>
                <![CDATA["httpbin Regression API suite (positive and negative coverage)"]]>
              </value>
            </param>
          </params>
          <reporter-output>
          </reporter-output>
        </test-method> <!-- runScenario -->
        <test-method signature="runScenario(io.cucumber.testng.PickleWrapper,io.cucumber.testng.FeatureWrapper)[pri:0, instance:com.algodatta.runners.ApiRunner@6ee660fb]" started-at="2026-02-23T02:29:40 IST" name="runScenario" description="Runs Cucumber Scenarios" data-provider="scenarios" finished-at="2026-02-23T02:29:49 IST" duration-ms="9147" status="PASS">
          <params>
            <param index="0">
              <value>
                <![CDATA["HTTP verb endpoints return success and JSON"]]>
              </value>
            </param>
            <param index="1">
              <value>
                <![CDATA["httpbin Regression API suite (positive and negative coverage)"]]>
              </value>
            </param>
          </params>
          <reporter-output>
          </reporter-output>
        </test-method> <!-- runScenario -->
        <test-method signature="runScenario(io.cucumber.testng.PickleWrapper,io.cucumber.testng.FeatureWrapper)[pri:0, instance:com.algodatta.runners.ApiRunner@6ee660fb]" started-at="2026-02-23T02:29:49 IST" name="runScenario" description="Runs Cucumber Scenarios" data-provider="scenarios" finished-at="2026-02-23T02:29:51 IST" duration-ms="1923" status="PASS">
          <params>
            <param index="0">
              <value>
                <![CDATA["HTTP verb endpoints return success and JSON"]]>
              </value>
            </param>
            <param index="1">
              <value>
                <![CDATA["httpbin Regression API suite (positive and negative coverage)"]]>
              </value>
            </param>
          </params>
          <reporter-output>
          </reporter-output>
        </test-method> <!-- runScenario -->
        <test-method signature="runScenario(io.cucumber.testng.PickleWrapper,io.cucumber.testng.FeatureWrapper)[pri:0, instance:com.algodatta.runners.ApiRunner@6ee660fb]" started-at="2026-02-23T02:29:49 IST" name="runScenario" description="Runs Cucumber Scenarios" data-provider="scenarios" finished-at="2026-02-23T02:29:54 IST" duration-ms="4699" status="PASS">
          <params>
            <param index="0">
              <value>
                <![CDATA["/anything echoes the request method correctly"]]>
              </value>
            </param>
            <param index="1">
              <value>
                <![CDATA["httpbin Regression API suite (positive and negative coverage)"]]>
              </value>
            </param>
          </params>
          <reporter-output>
          </reporter-output>
        </test-method> <!-- runScenario -->
        <test-method signature="runScenario(io.cucumber.testng.PickleWrapper,io.cucumber.testng.FeatureWrapper)[pri:0, instance:com.algodatta.runners.ApiRunner@6ee660fb]" started-at="2026-02-23T02:29:49 IST" name="runScenario" description="Runs Cucumber Scenarios" data-provider="scenarios" finished-at="2026-02-23T02:29:54 IST" duration-ms="4765" status="PASS">
          <params>
            <param index="0">
              <value>
                <![CDATA["/anything echoes the request method correctly"]]>
              </value>
            </param>
            <param index="1">
              <value>
                <![CDATA["httpbin Regression API suite (positive and negative coverage)"]]>
              </value>
            </param>
          </params>
          <reporter-output>
          </reporter-output>
        </test-method> <!-- runScenario -->
        <test-method signature="runScenario(io.cucumber.testng.PickleWrapper,io.cucumber.testng.FeatureWrapper)[pri:0, instance:com.algodatta.runners.ApiRunner@6ee660fb]" started-at="2026-02-23T02:29:49 IST" name="runScenario" description="Runs Cucumber Scenarios" data-provider="scenarios" finished-at="2026-02-23T02:29:54 IST" duration-ms="4751" status="PASS">
          <params>
            <param index="0">
              <value>
                <![CDATA["/anything echoes the request method correctly"]]>
              </value>
            </param>
            <param index="1">
              <value>
                <![CDATA["httpbin Regression API suite (positive and negative coverage)"]]>
              </value>
            </param>
          </params>
          <reporter-output>
          </reporter-output>
        </test-method> <!-- runScenario -->
        <test-method signature="runScenario(io.cucumber.testng.PickleWrapper,io.cucumber.testng.FeatureWrapper)[pri:0, instance:com.algodatta.runners.ApiRunner@6ee660fb]" started-at="2026-02-23T02:29:51 IST" name="runScenario" description="Runs Cucumber Scenarios" data-provider="scenarios" finished-at="2026-02-23T02:29:54 IST" duration-ms="2777" status="PASS">
          <params>
            <param index="0">
              <value>
                <![CDATA["/anything echoes the request method correctly"]]>
              </value>
            </param>
            <param index="1">
              <value>
                <![CDATA["httpbin Regression API suite (positive and negative coverage)"]]>
              </value>
            </param>
          </params>
          <reporter-output>
          </reporter-output>
        </test-method> <!-- runScenario -->
        <test-method signature="runScenario(io.cucumber.testng.PickleWrapper,io.cucumber.testng.FeatureWrapper)[pri:0, instance:com.algodatta.runners.ApiRunner@6ee660fb]" started-at="2026-02-23T02:29:54 IST" name="runScenario" description="Runs Cucumber Scenarios" data-provider="scenarios" finished-at="2026-02-23T02:29:57 IST" duration-ms="2457" status="PASS">
          <params>
            <param index="0">
              <value>
                <![CDATA["/anything echoes the request method correctly"]]>
              </value>
            </param>
            <param index="1">
              <value>
                <![CDATA["httpbin Regression API suite (positive and negative coverage)"]]>
              </value>
            </param>
          </params>
          <reporter-output>
          </reporter-output>
        </test-method> <!-- runScenario -->
        <test-method signature="runScenario(io.cucumber.testng.PickleWrapper,io.cucumber.testng.FeatureWrapper)[pri:0, instance:com.algodatta.runners.ApiRunner@6ee660fb]" started-at="2026-02-23T02:29:54 IST" name="runScenario" description="Runs Cucumber Scenarios" data-provider="scenarios" finished-at="2026-02-23T02:29:57 IST" duration-ms="2432" status="PASS">
          <params>
            <param index="0">
              <value>
                <![CDATA["HEAD should return headers only"]]>
              </value>
            </param>
            <param index="1">
              <value>
                <![CDATA["httpbin Regression API suite (positive and negative coverage)"]]>
              </value>
            </param>
          </params>
          <reporter-output>
          </reporter-output>
        </test-method> <!-- runScenario -->
        <test-method signature="runScenario(io.cucumber.testng.PickleWrapper,io.cucumber.testng.FeatureWrapper)[pri:0, instance:com.algodatta.runners.ApiRunner@6ee660fb]" started-at="2026-02-23T02:29:54 IST" name="runScenario" description="Runs Cucumber Scenarios" data-provider="scenarios" finished-at="2026-02-23T02:29:57 IST" duration-ms="2499" status="PASS">
          <params>
            <param index="0">
              <value>
                <![CDATA["OPTIONS should return allowed methods"]]>
              </value>
            </param>
            <param index="1">
              <value>
                <![CDATA["httpbin Regression API suite (positive and negative coverage)"]]>
              </value>
            </param>
          </params>
          <reporter-output>
          </reporter-output>
        </test-method> <!-- runScenario -->
        <test-method signature="runScenario(io.cucumber.testng.PickleWrapper,io.cucumber.testng.FeatureWrapper)[pri:0, instance:com.algodatta.runners.ApiRunner@6ee660fb]" started-at="2026-02-23T02:29:54 IST" name="runScenario" description="Runs Cucumber Scenarios" data-provider="scenarios" finished-at="2026-02-23T02:29:57 IST" duration-ms="2471" status="PASS">
          <params>
            <param index="0">
              <value>
                <![CDATA["Bearer auth positive"]]>
              </value>
            </param>
            <param index="1">
              <value>
                <![CDATA["httpbin Regression API suite (positive and negative coverage)"]]>
              </value>
            </param>
          </params>
          <reporter-output>
          </reporter-output>
        </test-method> <!-- runScenario -->
        <test-method signature="runScenario(io.cucumber.testng.PickleWrapper,io.cucumber.testng.FeatureWrapper)[pri:0, instance:com.algodatta.runners.ApiRunner@6ee660fb]" started-at="2026-02-23T02:29:57 IST" name="runScenario" description="Runs Cucumber Scenarios" data-provider="scenarios" finished-at="2026-02-23T02:29:59 IST" duration-ms="2030" status="PASS">
          <params>
            <param index="0">
              <value>
                <![CDATA["Bearer auth negative (missing token)"]]>
              </value>
            </param>
            <param index="1">
              <value>
                <![CDATA["httpbin Regression API suite (positive and negative coverage)"]]>
              </value>
            </param>
          </params>
          <reporter-output>
          </reporter-output>
        </test-method> <!-- runScenario -->
        <test-method signature="runScenario(io.cucumber.testng.PickleWrapper,io.cucumber.testng.FeatureWrapper)[pri:0, instance:com.algodatta.runners.ApiRunner@6ee660fb]" started-at="2026-02-23T02:29:57 IST" name="runScenario" description="Runs Cucumber Scenarios" data-provider="scenarios" finished-at="2026-02-23T02:29:59 IST" duration-ms="2495" status="PASS">
          <params>
            <param index="0">
              <value>
                <![CDATA["Digest auth positive"]]>
              </value>
            </param>
            <param index="1">
              <value>
                <![CDATA["httpbin Regression API suite (positive and negative coverage)"]]>
              </value>
            </param>
          </params>
          <reporter-output>
          </reporter-output>
        </test-method> <!-- runScenario -->
        <test-method signature="runScenario(io.cucumber.testng.PickleWrapper,io.cucumber.testng.FeatureWrapper)[pri:0, instance:com.algodatta.runners.ApiRunner@6ee660fb]" started-at="2026-02-23T02:29:57 IST" name="runScenario" description="Runs Cucumber Scenarios" data-provider="scenarios" finished-at="2026-02-23T02:29:59 IST" duration-ms="2279" status="PASS">
          <params>
            <param index="0">
              <value>
                <![CDATA["Digest auth negative"]]>
              </value>
            </param>
            <param index="1">
              <value>
                <![CDATA["httpbin Regression API suite (positive and negative coverage)"]]>
              </value>
            </param>
          </params>
          <reporter-output>
          </reporter-output>
        </test-method> <!-- runScenario -->
        <test-method signature="runScenario(io.cucumber.testng.PickleWrapper,io.cucumber.testng.FeatureWrapper)[pri:0, instance:com.algodatta.runners.ApiRunner@6ee660fb]" started-at="2026-02-23T02:29:57 IST" name="runScenario" description="Runs Cucumber Scenarios" data-provider="scenarios" finished-at="2026-02-23T02:29:59 IST" duration-ms="1966" status="PASS">
          <params>
            <param index="0">
              <value>
                <![CDATA["/status endpoint should generate the given status code"]]>
              </value>
            </param>
            <param index="1">
              <value>
                <![CDATA["httpbin Regression API suite (positive and negative coverage)"]]>
              </value>
            </param>
          </params>
          <reporter-output>
          </reporter-output>
        </test-method> <!-- runScenario -->
        <test-method signature="runScenario(io.cucumber.testng.PickleWrapper,io.cucumber.testng.FeatureWrapper)[pri:0, instance:com.algodatta.runners.ApiRunner@6ee660fb]" started-at="2026-02-23T02:29:59 IST" name="runScenario" description="Runs Cucumber Scenarios" data-provider="scenarios" finished-at="2026-02-23T02:30:01 IST" duration-ms="2232" status="PASS">
          <params>
            <param index="0">
              <value>
                <![CDATA["/status endpoint should generate the given status code"]]>
              </value>
            </param>
            <param index="1">
              <value>
                <![CDATA["httpbin Regression API suite (positive and negative coverage)"]]>
              </value>
            </param>
          </params>
          <reporter-output>
          </reporter-output>
        </test-method> <!-- runScenario -->
        <test-method signature="runScenario(io.cucumber.testng.PickleWrapper,io.cucumber.testng.FeatureWrapper)[pri:0, instance:com.algodatta.runners.ApiRunner@6ee660fb]" started-at="2026-02-23T02:29:59 IST" name="runScenario" description="Runs Cucumber Scenarios" data-provider="scenarios" finished-at="2026-02-23T02:30:01 IST" duration-ms="2293" status="PASS">
          <params>
            <param index="0">
              <value>
                <![CDATA["/status endpoint should generate the given status code"]]>
              </value>
            </param>
            <param index="1">
              <value>
                <![CDATA["httpbin Regression API suite (positive and negative coverage)"]]>
              </value>
            </param>
          </params>
          <reporter-output>
          </reporter-output>
        </test-method> <!-- runScenario -->
        <test-method signature="runScenario(io.cucumber.testng.PickleWrapper,io.cucumber.testng.FeatureWrapper)[pri:0, instance:com.algodatta.runners.ApiRunner@6ee660fb]" started-at="2026-02-23T02:29:59 IST" name="runScenario" description="Runs Cucumber Scenarios" data-provider="scenarios" finished-at="2026-02-23T02:30:01 IST" duration-ms="1846" status="PASS">
          <params>
            <param index="0">
              <value>
                <![CDATA["/status endpoint should generate the given status code"]]>
              </value>
            </param>
            <param index="1">
              <value>
                <![CDATA["httpbin Regression API suite (positive and negative coverage)"]]>
              </value>
            </param>
          </params>
          <reporter-output>
          </reporter-output>
        </test-method> <!-- runScenario -->
        <test-method signature="runScenario(io.cucumber.testng.PickleWrapper,io.cucumber.testng.FeatureWrapper)[pri:0, instance:com.algodatta.runners.ApiRunner@6ee660fb]" started-at="2026-02-23T02:29:59 IST" name="runScenario" description="Runs Cucumber Scenarios" data-provider="scenarios" finished-at="2026-02-23T02:30:01 IST" duration-ms="1799" status="PASS">
          <params>
            <param index="0">
              <value>
                <![CDATA["/status endpoint should generate the given status code"]]>
              </value>
            </param>
            <param index="1">
              <value>
                <![CDATA["httpbin Regression API suite (positive and negative coverage)"]]>
              </value>
            </param>
          </params>
          <reporter-output>
          </reporter-output>
        </test-method> <!-- runScenario -->
        <test-method signature="runScenario(io.cucumber.testng.PickleWrapper,io.cucumber.testng.FeatureWrapper)[pri:0, instance:com.algodatta.runners.ApiRunner@6ee660fb]" started-at="2026-02-23T02:30:01 IST" name="runScenario" description="Runs Cucumber Scenarios" data-provider="scenarios" finished-at="2026-02-23T02:30:03 IST" duration-ms="1997" status="PASS">
          <params>
            <param index="0">
              <value>
                <![CDATA["/status endpoint should generate the given status code"]]>
              </value>
            </param>
            <param index="1">
              <value>
                <![CDATA["httpbin Regression API suite (positive and negative coverage)"]]>
              </value>
            </param>
          </params>
          <reporter-output>
          </reporter-output>
        </test-method> <!-- runScenario -->
        <test-method signature="runScenario(io.cucumber.testng.PickleWrapper,io.cucumber.testng.FeatureWrapper)[pri:0, instance:com.algodatta.runners.ApiRunner@6ee660fb]" started-at="2026-02-23T02:30:01 IST" name="runScenario" description="Runs Cucumber Scenarios" data-provider="scenarios" finished-at="2026-02-23T02:30:04 IST" duration-ms="2733" status="PASS">
          <params>
            <param index="0">
              <value>
                <![CDATA["/status endpoint should generate the given status code"]]>
              </value>
            </param>
            <param index="1">
              <value>
                <![CDATA["httpbin Regression API suite (positive and negative coverage)"]]>
              </value>
            </param>
          </params>
          <reporter-output>
          </reporter-output>
        </test-method> <!-- runScenario -->
        <test-method signature="runScenario(io.cucumber.testng.PickleWrapper,io.cucumber.testng.FeatureWrapper)[pri:0, instance:com.algodatta.runners.ApiRunner@6ee660fb]" started-at="2026-02-23T02:30:01 IST" name="runScenario" description="Runs Cucumber Scenarios" data-provider="scenarios" finished-at="2026-02-23T02:30:04 IST" duration-ms="2691" status="PASS">
          <params>
            <param index="0">
              <value>
                <![CDATA["/status endpoint should generate the given status code"]]>
              </value>
            </param>
            <param index="1">
              <value>
                <![CDATA["httpbin Regression API suite (positive and negative coverage)"]]>
              </value>
            </param>
          </params>
          <reporter-output>
          </reporter-output>
        </test-method> <!-- runScenario -->
        <test-method signature="runScenario(io.cucumber.testng.PickleWrapper,io.cucumber.testng.FeatureWrapper)[pri:0, instance:com.algodatta.runners.ApiRunner@6ee660fb]" started-at="2026-02-23T02:30:01 IST" name="runScenario" description="Runs Cucumber Scenarios" data-provider="scenarios" finished-at="2026-02-23T02:30:04 IST" duration-ms="3186" status="FAIL">
          <params>
            <param index="0">
              <value>
                <![CDATA["Inspect query params, headers and client IP via /anything"]]>
              </value>
            </param>
            <param index="1">
              <value>
                <![CDATA["httpbin Regression API suite (positive and negative coverage)"]]>
              </value>
            </param>
          </params>
          <exception class="java.lang.ClassCastException">
            <message>
              <![CDATA[class java.lang.String cannot be cast to class [C (java.lang.String and [C are in module java.base of loader 'bootstrap')]]>
            </message>
            <full-stacktrace>
              <![CDATA[java.lang.ClassCastException: class java.lang.String cannot be cast to class [C (java.lang.String and [C are in module java.base of loader 'bootstrap')
at ui.steps.api.ApiSteps.jsonPathContainsString(ApiSteps.java:251)
at ✽.the JSON path "url" should contain "inspect"(file:///E:/QA_KC/KC-sdet-automation/tests/src/test/resources/features/api/httpbin_regression.feature:95)
]]>
            </full-stacktrace>
          </exception> <!-- java.lang.ClassCastException -->
          <reporter-output>
          </reporter-output>
        </test-method> <!-- runScenario -->
        <test-method signature="runScenario(io.cucumber.testng.PickleWrapper,io.cucumber.testng.FeatureWrapper)[pri:0, instance:com.algodatta.runners.ApiRunner@6ee660fb]" started-at="2026-02-23T02:30:03 IST" name="runScenario" description="Runs Cucumber Scenarios" data-provider="scenarios" finished-at="2026-02-23T02:30:06 IST" duration-ms="2810" status="PASS">
          <params>
            <param index="0">
              <value>
                <![CDATA["Inspect JSON body via /anything"]]>
              </value>
            </param>
            <param index="1">
              <value>
                <![CDATA["httpbin Regression API suite (positive and negative coverage)"]]>
              </value>
            </param>
          </params>
          <reporter-output>
          </reporter-output>
        </test-method> <!-- runScenario -->
        <test-method signature="runScenario(io.cucumber.testng.PickleWrapper,io.cucumber.testng.FeatureWrapper)[pri:0, instance:com.algodatta.runners.ApiRunner@6ee660fb]" started-at="2026-02-23T02:30:04 IST" name="runScenario" description="Runs Cucumber Scenarios" data-provider="scenarios" finished-at="2026-02-23T02:30:06 IST" duration-ms="2017" status="PASS">
          <params>
            <param index="0">
              <value>
                <![CDATA["Validate caching headers via /cache/0 (no caching)"]]>
              </value>
            </param>
            <param index="1">
              <value>
                <![CDATA["httpbin Regression API suite (positive and negative coverage)"]]>
              </value>
            </param>
          </params>
          <reporter-output>
          </reporter-output>
        </test-method> <!-- runScenario -->
        <test-method signature="runScenario(io.cucumber.testng.PickleWrapper,io.cucumber.testng.FeatureWrapper)[pri:0, instance:com.algodatta.runners.ApiRunner@6ee660fb]" started-at="2026-02-23T02:30:04 IST" name="runScenario" description="Runs Cucumber Scenarios" data-provider="scenarios" finished-at="2026-02-23T02:30:06 IST" duration-ms="2123" status="PASS">
          <params>
            <param index="0">
              <value>
                <![CDATA["Validate ETag response"]]>
              </value>
            </param>
            <param index="1">
              <value>
                <![CDATA["httpbin Regression API suite (positive and negative coverage)"]]>
              </value>
            </param>
          </params>
          <reporter-output>
          </reporter-output>
        </test-method> <!-- runScenario -->
        <test-method signature="runScenario(io.cucumber.testng.PickleWrapper,io.cucumber.testng.FeatureWrapper)[pri:0, instance:com.algodatta.runners.ApiRunner@6ee660fb]" started-at="2026-02-23T02:30:04 IST" name="runScenario" description="Runs Cucumber Scenarios" data-provider="scenarios" finished-at="2026-02-23T02:30:06 IST" duration-ms="1741" status="PASS">
          <params>
            <param index="0">
              <value>
                <![CDATA["Validate custom response headers"]]>
              </value>
            </param>
            <param index="1">
              <value>
                <![CDATA["httpbin Regression API suite (positive and negative coverage)"]]>
              </value>
            </param>
          </params>
          <reporter-output>
          </reporter-output>
        </test-method> <!-- runScenario -->
        <test-method signature="runScenario(io.cucumber.testng.PickleWrapper,io.cucumber.testng.FeatureWrapper)[pri:0, instance:com.algodatta.runners.ApiRunner@6ee660fb]" started-at="2026-02-23T02:30:06 IST" name="runScenario" description="Runs Cucumber Scenarios" data-provider="scenarios" finished-at="2026-02-23T02:30:07 IST" duration-ms="1693" status="PASS">
          <params>
            <param index="0">
              <value>
                <![CDATA["Different response formats should return expected content types"]]>
              </value>
            </param>
            <param index="1">
              <value>
                <![CDATA["httpbin Regression API suite (positive and negative coverage)"]]>
              </value>
            </param>
          </params>
          <reporter-output>
          </reporter-output>
        </test-method> <!-- runScenario -->
        <test-method signature="runScenario(io.cucumber.testng.PickleWrapper,io.cucumber.testng.FeatureWrapper)[pri:0, instance:com.algodatta.runners.ApiRunner@6ee660fb]" started-at="2026-02-23T02:30:06 IST" name="runScenario" description="Runs Cucumber Scenarios" data-provider="scenarios" finished-at="2026-02-23T02:30:07 IST" duration-ms="1855" status="PASS">
          <params>
            <param index="0">
              <value>
                <![CDATA["Different response formats should return expected content types"]]>
              </value>
            </param>
            <param index="1">
              <value>
                <![CDATA["httpbin Regression API suite (positive and negative coverage)"]]>
              </value>
            </param>
          </params>
          <reporter-output>
          </reporter-output>
        </test-method> <!-- runScenario -->
        <test-method signature="runScenario(io.cucumber.testng.PickleWrapper,io.cucumber.testng.FeatureWrapper)[pri:0, instance:com.algodatta.runners.ApiRunner@6ee660fb]" started-at="2026-02-23T02:30:06 IST" name="runScenario" description="Runs Cucumber Scenarios" data-provider="scenarios" finished-at="2026-02-23T02:30:08 IST" duration-ms="2674" status="PASS">
          <params>
            <param index="0">
              <value>
                <![CDATA["Different response formats should return expected content types"]]>
              </value>
            </param>
            <param index="1">
              <value>
                <![CDATA["httpbin Regression API suite (positive and negative coverage)"]]>
              </value>
            </param>
          </params>
          <reporter-output>
          </reporter-output>
        </test-method> <!-- runScenario -->
        <test-method signature="runScenario(io.cucumber.testng.PickleWrapper,io.cucumber.testng.FeatureWrapper)[pri:0, instance:com.algodatta.runners.ApiRunner@6ee660fb]" started-at="2026-02-23T02:30:06 IST" name="runScenario" description="Runs Cucumber Scenarios" data-provider="scenarios" finished-at="2026-02-23T02:30:08 IST" duration-ms="1639" status="PASS">
          <params>
            <param index="0">
              <value>
                <![CDATA["Different response formats should return expected content types"]]>
              </value>
            </param>
            <param index="1">
              <value>
                <![CDATA["httpbin Regression API suite (positive and negative coverage)"]]>
              </value>
            </param>
          </params>
          <reporter-output>
          </reporter-output>
        </test-method> <!-- runScenario -->
        <test-method signature="runScenario(io.cucumber.testng.PickleWrapper,io.cucumber.testng.FeatureWrapper)[pri:0, instance:com.algodatta.runners.ApiRunner@6ee660fb]" started-at="2026-02-23T02:30:07 IST" name="runScenario" description="Runs Cucumber Scenarios" data-provider="scenarios" finished-at="2026-02-23T02:30:09 IST" duration-ms="1758" status="PASS">
          <params>
            <param index="0">
              <value>
                <![CDATA["Different response formats should return expected content types"]]>
              </value>
            </param>
            <param index="1">
              <value>
                <![CDATA["httpbin Regression API suite (positive and negative coverage)"]]>
              </value>
            </param>
          </params>
          <reporter-output>
          </reporter-output>
        </test-method> <!-- runScenario -->
        <test-method signature="runScenario(io.cucumber.testng.PickleWrapper,io.cucumber.testng.FeatureWrapper)[pri:0, instance:com.algodatta.runners.ApiRunner@6ee660fb]" started-at="2026-02-23T02:30:07 IST" name="runScenario" description="Runs Cucumber Scenarios" data-provider="scenarios" finished-at="2026-02-23T02:30:09 IST" duration-ms="1783" status="PASS">
          <params>
            <param index="0">
              <value>
                <![CDATA["Gzip response should be JSON"]]>
              </value>
            </param>
            <param index="1">
              <value>
                <![CDATA["httpbin Regression API suite (positive and negative coverage)"]]>
              </value>
            </param>
          </params>
          <reporter-output>
          </reporter-output>
        </test-method> <!-- runScenario -->
        <test-method signature="runScenario(io.cucumber.testng.PickleWrapper,io.cucumber.testng.FeatureWrapper)[pri:0, instance:com.algodatta.runners.ApiRunner@6ee660fb]" started-at="2026-02-23T02:30:08 IST" name="runScenario" description="Runs Cucumber Scenarios" data-provider="scenarios" finished-at="2026-02-23T02:30:09 IST" duration-ms="1731" status="PASS">
          <params>
            <param index="0">
              <value>
                <![CDATA["UUID endpoint should return a UUID"]]>
              </value>
            </param>
            <param index="1">
              <value>
                <![CDATA["httpbin Regression API suite (positive and negative coverage)"]]>
              </value>
            </param>
          </params>
          <reporter-output>
          </reporter-output>
        </test-method> <!-- runScenario -->
        <test-method signature="runScenario(io.cucumber.testng.PickleWrapper,io.cucumber.testng.FeatureWrapper)[pri:0, instance:com.algodatta.runners.ApiRunner@6ee660fb]" started-at="2026-02-23T02:30:08 IST" name="runScenario" description="Runs Cucumber Scenarios" data-provider="scenarios" finished-at="2026-02-23T02:30:11 IST" duration-ms="2706" status="PASS">
          <params>
            <param index="0">
              <value>
                <![CDATA["Delay endpoint should respond within a reasonable time"]]>
              </value>
            </param>
            <param index="1">
              <value>
                <![CDATA["httpbin Regression API suite (positive and negative coverage)"]]>
              </value>
            </param>
          </params>
          <reporter-output>
          </reporter-output>
        </test-method> <!-- runScenario -->
        <test-method signature="runScenario(io.cucumber.testng.PickleWrapper,io.cucumber.testng.FeatureWrapper)[pri:0, instance:com.algodatta.runners.ApiRunner@6ee660fb]" started-at="2026-02-23T02:30:09 IST" name="runScenario" description="Runs Cucumber Scenarios" data-provider="scenarios" finished-at="2026-02-23T02:30:11 IST" duration-ms="1672" status="PASS">
          <params>
            <param index="0">
              <value>
                <![CDATA["Random bytes should return binary"]]>
              </value>
            </param>
            <param index="1">
              <value>
                <![CDATA["httpbin Regression API suite (positive and negative coverage)"]]>
              </value>
            </param>
          </params>
          <reporter-output>
          </reporter-output>
        </test-method> <!-- runScenario -->
        <test-method signature="runScenario(io.cucumber.testng.PickleWrapper,io.cucumber.testng.FeatureWrapper)[pri:0, instance:com.algodatta.runners.ApiRunner@6ee660fb]" started-at="2026-02-23T02:30:09 IST" name="runScenario" description="Runs Cucumber Scenarios" data-provider="scenarios" finished-at="2026-02-23T02:30:13 IST" duration-ms="3825" status="FAIL">
          <params>
            <param index="0">
              <value>
                <![CDATA["Create, read and delete cookies"]]>
              </value>
            </param>
            <param index="1">
              <value>
                <![CDATA["httpbin Regression API suite (positive and negative coverage)"]]>
              </value>
            </param>
          </params>
          <exception class="java.lang.AssertionError">
            <message>
              <![CDATA[Unexpected JSONPath value for: cookies.kc expected [1] but found [null]]]>
            </message>
            <full-stacktrace>
              <![CDATA[java.lang.AssertionError: Unexpected JSONPath value for: cookies.kc expected [1] but found [null]
at org.testng.Assert.fail(Assert.java:111)
at org.testng.Assert.failNotEquals(Assert.java:1578)
at org.testng.Assert.assertEqualsImpl(Assert.java:150)
at org.testng.Assert.assertEquals(Assert.java:132)
at com.algodatta.api.validators.ResponseValidator.jsonPathEquals(ResponseValidator.java:54)
at ui.steps.api.ApiSteps.jsonPathEqualsString(ApiSteps.java:245)
at ✽.the JSON path "cookies.kc" should be "1"(file:///E:/QA_KC/KC-sdet-automation/tests/src/test/resources/features/api/httpbin_regression.feature:169)
]]>
            </full-stacktrace>
          </exception> <!-- java.lang.AssertionError -->
          <reporter-output>
          </reporter-output>
        </test-method> <!-- runScenario -->
        <test-method signature="runScenario(io.cucumber.testng.PickleWrapper,io.cucumber.testng.FeatureWrapper)[pri:0, instance:com.algodatta.runners.ApiRunner@6ee660fb]" started-at="2026-02-23T02:30:09 IST" name="runScenario" description="Runs Cucumber Scenarios" data-provider="scenarios" finished-at="2026-02-23T02:30:11 IST" duration-ms="1689" status="PASS">
          <params>
            <param index="0">
              <value>
                <![CDATA["Image endpoints should return correct image content types"]]>
              </value>
            </param>
            <param index="1">
              <value>
                <![CDATA["httpbin Regression API suite (positive and negative coverage)"]]>
              </value>
            </param>
          </params>
          <reporter-output>
          </reporter-output>
        </test-method> <!-- runScenario -->
        <test-method signature="runScenario(io.cucumber.testng.PickleWrapper,io.cucumber.testng.FeatureWrapper)[pri:0, instance:com.algodatta.runners.ApiRunner@6ee660fb]" started-at="2026-02-23T02:30:11 IST" name="runScenario" description="Runs Cucumber Scenarios" data-provider="scenarios" finished-at="2026-02-23T02:30:12 IST" duration-ms="1746" status="PASS">
          <params>
            <param index="0">
              <value>
                <![CDATA["Image endpoints should return correct image content types"]]>
              </value>
            </param>
            <param index="1">
              <value>
                <![CDATA["httpbin Regression API suite (positive and negative coverage)"]]>
              </value>
            </param>
          </params>
          <reporter-output>
          </reporter-output>
        </test-method> <!-- runScenario -->
        <test-method signature="runScenario(io.cucumber.testng.PickleWrapper,io.cucumber.testng.FeatureWrapper)[pri:0, instance:com.algodatta.runners.ApiRunner@6ee660fb]" started-at="2026-02-23T02:30:11 IST" name="runScenario" description="Runs Cucumber Scenarios" data-provider="scenarios" finished-at="2026-02-23T02:30:14 IST" duration-ms="3037" status="PASS">
          <params>
            <param index="0">
              <value>
                <![CDATA["Image endpoints should return correct image content types"]]>
              </value>
            </param>
            <param index="1">
              <value>
                <![CDATA["httpbin Regression API suite (positive and negative coverage)"]]>
              </value>
            </param>
          </params>
          <reporter-output>
          </reporter-output>
        </test-method> <!-- runScenario -->
        <test-method signature="runScenario(io.cucumber.testng.PickleWrapper,io.cucumber.testng.FeatureWrapper)[pri:0, instance:com.algodatta.runners.ApiRunner@6ee660fb]" started-at="2026-02-23T02:30:11 IST" name="runScenario" description="Runs Cucumber Scenarios" data-provider="scenarios" finished-at="2026-02-23T02:30:13 IST" duration-ms="1702" status="PASS">
          <params>
            <param index="0">
              <value>
                <![CDATA["Image endpoints should return correct image content types"]]>
              </value>
            </param>
            <param index="1">
              <value>
                <![CDATA["httpbin Regression API suite (positive and negative coverage)"]]>
              </value>
            </param>
          </params>
          <reporter-output>
          </reporter-output>
        </test-method> <!-- runScenario -->
        <test-method signature="runScenario(io.cucumber.testng.PickleWrapper,io.cucumber.testng.FeatureWrapper)[pri:0, instance:com.algodatta.runners.ApiRunner@6ee660fb]" started-at="2026-02-23T02:30:12 IST" name="runScenario" description="Runs Cucumber Scenarios" data-provider="scenarios" finished-at="2026-02-23T02:30:14 IST" duration-ms="1739" status="PASS">
          <params>
            <param index="0">
              <value>
                <![CDATA["Redirect endpoint should return a redirect when not following"]]>
              </value>
            </param>
            <param index="1">
              <value>
                <![CDATA["httpbin Regression API suite (positive and negative coverage)"]]>
              </value>
            </param>
          </params>
          <reporter-output>
          </reporter-output>
        </test-method> <!-- runScenario -->
        <test-method signature="runScenario(io.cucumber.testng.PickleWrapper,io.cucumber.testng.FeatureWrapper)[pri:0, instance:com.algodatta.runners.ApiRunner@6ee660fb]" started-at="2026-02-23T02:30:13 IST" name="runScenario" description="Runs Cucumber Scenarios" data-provider="scenarios" finished-at="2026-02-23T02:30:14 IST" duration-ms="1729" status="PASS">
          <params>
            <param index="0">
              <value>
                <![CDATA["/status/301 returns 301 when redirects are disabled"]]>
              </value>
            </param>
            <param index="1">
              <value>
                <![CDATA["httpbin Regression API suite (positive and negative coverage)"]]>
              </value>
            </param>
          </params>
          <reporter-output>
          </reporter-output>
        </test-method> <!-- runScenario -->
        <test-method signature="runScenario(io.cucumber.testng.PickleWrapper,io.cucumber.testng.FeatureWrapper)[pri:0, instance:com.algodatta.runners.ApiRunner@6ee660fb]" started-at="2026-02-23T02:30:13 IST" name="runScenario" description="Runs Cucumber Scenarios" data-provider="scenarios" finished-at="2026-02-23T02:30:16 IST" duration-ms="2590" status="PASS">
          <params>
            <param index="0">
              <value>
                <![CDATA["Redirect endpoint should reach final destination when following"]]>
              </value>
            </param>
            <param index="1">
              <value>
                <![CDATA["httpbin Regression API suite (positive and negative coverage)"]]>
              </value>
            </param>
          </params>
          <reporter-output>
          </reporter-output>
        </test-method> <!-- runScenario -->
        <test-method signature="runScenario(io.cucumber.testng.PickleWrapper,io.cucumber.testng.FeatureWrapper)[pri:0, instance:com.algodatta.runners.ApiRunner@6ee660fb]" started-at="2026-02-23T02:30:14 IST" name="runScenario" description="Runs Cucumber Scenarios" data-provider="scenarios" finished-at="2026-02-23T02:30:16 IST" duration-ms="1785" status="PASS">
          <params>
            <param index="0">
              <value>
                <![CDATA["Redirect to a custom URL"]]>
              </value>
            </param>
            <param index="1">
              <value>
                <![CDATA["httpbin Regression API suite (positive and negative coverage)"]]>
              </value>
            </param>
          </params>
          <reporter-output>
          </reporter-output>
        </test-method> <!-- runScenario -->
        <test-method signature="runScenario(io.cucumber.testng.PickleWrapper,io.cucumber.testng.FeatureWrapper)[pri:0, instance:com.algodatta.runners.ApiRunner@6ee660fb]" started-at="2026-02-23T02:30:14 IST" name="runScenario" description="Runs Cucumber Scenarios" data-provider="scenarios" finished-at="2026-02-23T02:30:16 IST" duration-ms="1915" status="PASS">
          <params>
            <param index="0">
              <value>
                <![CDATA["/anything should echo arbitrary path, headers and payload"]]>
              </value>
            </param>
            <param index="1">
              <value>
                <![CDATA["httpbin Regression API suite (positive and negative coverage)"]]>
              </value>
            </param>
          </params>
          <reporter-output>
          </reporter-output>
        </test-method> <!-- runScenario -->
        <test-method signature="runScenario(io.cucumber.testng.PickleWrapper,io.cucumber.testng.FeatureWrapper)[pri:0, instance:com.algodatta.runners.ApiRunner@6ee660fb]" started-at="2026-02-23T02:30:14 IST" name="runScenario" description="Runs Cucumber Scenarios" data-provider="scenarios" finished-at="2026-02-23T02:30:16 IST" duration-ms="1839" status="PASS">
          <params>
            <param index="0">
              <value>
                <![CDATA["Basic GET should return 200 and JSON"]]>
              </value>
            </param>
            <param index="1">
              <value>
                <![CDATA["httpbin Smoke API suite"]]>
              </value>
            </param>
          </params>
          <reporter-output>
          </reporter-output>
        </test-method> <!-- runScenario -->
        <test-method signature="runScenario(io.cucumber.testng.PickleWrapper,io.cucumber.testng.FeatureWrapper)[pri:0, instance:com.algodatta.runners.ApiRunner@6ee660fb]" started-at="2026-02-23T02:30:16 IST" name="runScenario" description="Runs Cucumber Scenarios" data-provider="scenarios" finished-at="2026-02-23T02:30:17 IST" duration-ms="1632" status="PASS">
          <params>
            <param index="0">
              <value>
                <![CDATA["GET /anything echoes the request method"]]>
              </value>
            </param>
            <param index="1">
              <value>
                <![CDATA["httpbin Smoke API suite"]]>
              </value>
            </param>
          </params>
          <reporter-output>
          </reporter-output>
        </test-method> <!-- runScenario -->
        <test-method signature="runScenario(io.cucumber.testng.PickleWrapper,io.cucumber.testng.FeatureWrapper)[pri:0, instance:com.algodatta.runners.ApiRunner@6ee660fb]" started-at="2026-02-23T02:30:16 IST" name="runScenario" description="Runs Cucumber Scenarios" data-provider="scenarios" finished-at="2026-02-23T02:30:18 IST" duration-ms="1764" status="FAIL">
          <params>
            <param index="0">
              <value>
                <![CDATA["Basic POST should echo JSON payload"]]>
              </value>
            </param>
            <param index="1">
              <value>
                <![CDATA["httpbin Smoke API suite"]]>
              </value>
            </param>
          </params>
          <exception class="java.lang.AssertionError">
            <message>
              <![CDATA[Unexpected status code expected [200] but found [400]]]>
            </message>
            <full-stacktrace>
              <![CDATA[java.lang.AssertionError: Unexpected status code expected [200] but found [400]
at org.testng.Assert.fail(Assert.java:111)
at org.testng.Assert.failNotEquals(Assert.java:1578)
at org.testng.Assert.assertEqualsImpl(Assert.java:150)
at org.testng.Assert.assertEquals(Assert.java:132)
at org.testng.Assert.assertEquals(Assert.java:1419)
at org.testng.Assert.assertEquals(Assert.java:1383)
at com.algodatta.api.validators.ResponseValidator.status(ResponseValidator.java:12)
at ui.steps.api.ApiSteps.status(ApiSteps.java:215)
at ✽.the response status should be 200(file:///E:/QA_KC/KC-sdet-automation/tests/src/test/resources/features/api/httpbin_smoke.feature:32)
]]>
            </full-stacktrace>
          </exception> <!-- java.lang.AssertionError -->
          <reporter-output>
          </reporter-output>
        </test-method> <!-- runScenario -->
        <test-method signature="runScenario(io.cucumber.testng.PickleWrapper,io.cucumber.testng.FeatureWrapper)[pri:0, instance:com.algodatta.runners.ApiRunner@6ee660fb]" started-at="2026-02-23T02:30:16 IST" name="runScenario" description="Runs Cucumber Scenarios" data-provider="scenarios" finished-at="2026-02-23T02:30:18 IST" duration-ms="2256" status="FAIL">
          <params>
            <param index="0">
              <value>
                <![CDATA["Basic Auth positive"]]>
              </value>
            </param>
            <param index="1">
              <value>
                <![CDATA["httpbin Smoke API suite"]]>
              </value>
            </param>
          </params>
          <exception class="java.lang.AssertionError">
            <message>
              <![CDATA[Unexpected status code expected [200] but found [400]]]>
            </message>
            <full-stacktrace>
              <![CDATA[java.lang.AssertionError: Unexpected status code expected [200] but found [400]
at org.testng.Assert.fail(Assert.java:111)
at org.testng.Assert.failNotEquals(Assert.java:1578)
at org.testng.Assert.assertEqualsImpl(Assert.java:150)
at org.testng.Assert.assertEquals(Assert.java:132)
at org.testng.Assert.assertEquals(Assert.java:1419)
at org.testng.Assert.assertEquals(Assert.java:1383)
at com.algodatta.api.validators.ResponseValidator.status(ResponseValidator.java:12)
at ui.steps.api.ApiSteps.status(ApiSteps.java:215)
at ✽.the response status should be 200(file:///E:/QA_KC/KC-sdet-automation/tests/src/test/resources/features/api/httpbin_smoke.feature:40)
]]>
            </full-stacktrace>
          </exception> <!-- java.lang.AssertionError -->
          <reporter-output>
          </reporter-output>
        </test-method> <!-- runScenario -->
        <test-method signature="runScenario(io.cucumber.testng.PickleWrapper,io.cucumber.testng.FeatureWrapper)[pri:0, instance:com.algodatta.runners.ApiRunner@6ee660fb]" started-at="2026-02-23T02:30:16 IST" name="runScenario" description="Runs Cucumber Scenarios" data-provider="scenarios" finished-at="2026-02-23T02:30:18 IST" duration-ms="2003" status="FAIL">
          <params>
            <param index="0">
              <value>
                <![CDATA["Basic Auth negative"]]>
              </value>
            </param>
            <param index="1">
              <value>
                <![CDATA["httpbin Smoke API suite"]]>
              </value>
            </param>
          </params>
          <exception class="java.lang.AssertionError">
            <message>
              <![CDATA[Unexpected status code expected [401] but found [400]]]>
            </message>
            <full-stacktrace>
              <![CDATA[java.lang.AssertionError: Unexpected status code expected [401] but found [400]
at org.testng.Assert.fail(Assert.java:111)
at org.testng.Assert.failNotEquals(Assert.java:1578)
at org.testng.Assert.assertEqualsImpl(Assert.java:150)
at org.testng.Assert.assertEquals(Assert.java:132)
at org.testng.Assert.assertEquals(Assert.java:1419)
at org.testng.Assert.assertEquals(Assert.java:1383)
at com.algodatta.api.validators.ResponseValidator.status(ResponseValidator.java:12)
at ui.steps.api.ApiSteps.status(ApiSteps.java:215)
at ✽.the response status should be 401(file:///E:/QA_KC/KC-sdet-automation/tests/src/test/resources/features/api/httpbin_smoke.feature:46)
]]>
            </full-stacktrace>
          </exception> <!-- java.lang.AssertionError -->
          <reporter-output>
          </reporter-output>
        </test-method> <!-- runScenario -->
        <test-method signature="runScenario(io.cucumber.testng.PickleWrapper,io.cucumber.testng.FeatureWrapper)[pri:0, instance:com.algodatta.runners.ApiRunner@6ee660fb]" started-at="2026-02-23T02:30:17 IST" name="runScenario" description="Runs Cucumber Scenarios" data-provider="scenarios" finished-at="2026-02-23T02:30:19 IST" duration-ms="1895" status="PASS">
          <params>
            <param index="0">
              <value>
                <![CDATA["Get a single post"]]>
              </value>
            </param>
            <param index="1">
              <value>
                <![CDATA["JSONPlaceholder API smoke coverage"]]>
              </value>
            </param>
          </params>
          <reporter-output>
          </reporter-output>
        </test-method> <!-- runScenario -->
        <test-method signature="runScenario(io.cucumber.testng.PickleWrapper,io.cucumber.testng.FeatureWrapper)[pri:0, instance:com.algodatta.runners.ApiRunner@6ee660fb]" started-at="2026-02-23T02:30:18 IST" name="runScenario" description="Runs Cucumber Scenarios" data-provider="scenarios" finished-at="2026-02-23T02:30:19 IST" duration-ms="1672" status="PASS">
          <params>
            <param index="0">
              <value>
                <![CDATA["List posts for a user"]]>
              </value>
            </param>
            <param index="1">
              <value>
                <![CDATA["JSONPlaceholder API smoke coverage"]]>
              </value>
            </param>
          </params>
          <reporter-output>
          </reporter-output>
        </test-method> <!-- runScenario -->
        <test-method signature="runScenario(io.cucumber.testng.PickleWrapper,io.cucumber.testng.FeatureWrapper)[pri:0, instance:com.algodatta.runners.ApiRunner@6ee660fb]" started-at="2026-02-23T02:30:18 IST" name="runScenario" description="Runs Cucumber Scenarios" data-provider="scenarios" finished-at="2026-02-23T02:30:19 IST" duration-ms="875" status="PASS">
          <params>
            <param index="0">
              <value>
                <![CDATA["Get a user"]]>
              </value>
            </param>
            <param index="1">
              <value>
                <![CDATA["JSONPlaceholder API smoke coverage"]]>
              </value>
            </param>
          </params>
          <reporter-output>
          </reporter-output>
        </test-method> <!-- runScenario -->
        <test-method signature="runScenario(io.cucumber.testng.PickleWrapper,io.cucumber.testng.FeatureWrapper)[pri:0, instance:com.algodatta.runners.ApiRunner@6ee660fb]" started-at="2026-02-23T02:30:18 IST" name="runScenario" description="Runs Cucumber Scenarios" data-provider="scenarios" finished-at="2026-02-23T02:30:19 IST" duration-ms="890" status="PASS">
          <params>
            <param index="0">
              <value>
                <![CDATA["List comments for a post"]]>
              </value>
            </param>
            <param index="1">
              <value>
                <![CDATA["JSONPlaceholder API smoke coverage"]]>
              </value>
            </param>
          </params>
          <reporter-output>
          </reporter-output>
        </test-method> <!-- runScenario -->
        <test-method signature="runScenario(io.cucumber.testng.PickleWrapper,io.cucumber.testng.FeatureWrapper)[pri:0, instance:com.algodatta.runners.ApiRunner@6ee660fb]" started-at="2026-02-23T02:30:19 IST" name="runScenario" description="Runs Cucumber Scenarios" data-provider="scenarios" finished-at="2026-02-23T02:30:20 IST" duration-ms="832" status="PASS">
          <params>
            <param index="0">
              <value>
                <![CDATA["Get a todo"]]>
              </value>
            </param>
            <param index="1">
              <value>
                <![CDATA["JSONPlaceholder API smoke coverage"]]>
              </value>
            </param>
          </params>
          <reporter-output>
          </reporter-output>
        </test-method> <!-- runScenario -->
        <test-method signature="runScenario(io.cucumber.testng.PickleWrapper,io.cucumber.testng.FeatureWrapper)[pri:0, instance:com.algodatta.runners.ApiRunner@6ee660fb]" started-at="2026-02-23T02:30:19 IST" name="runScenario" description="Runs Cucumber Scenarios" data-provider="scenarios" finished-at="2026-02-23T02:30:20 IST" duration-ms="695" status="PASS">
          <params>
            <param index="0">
              <value>
                <![CDATA["Get an album"]]>
              </value>
            </param>
            <param index="1">
              <value>
                <![CDATA["JSONPlaceholder API smoke coverage"]]>
              </value>
            </param>
          </params>
          <reporter-output>
          </reporter-output>
        </test-method> <!-- runScenario -->
        <test-method signature="runScenario(io.cucumber.testng.PickleWrapper,io.cucumber.testng.FeatureWrapper)[pri:0, instance:com.algodatta.runners.ApiRunner@6ee660fb]" started-at="2026-02-23T02:30:19 IST" name="runScenario" description="Runs Cucumber Scenarios" data-provider="scenarios" finished-at="2026-02-23T02:30:21 IST" duration-ms="1345" status="PASS">
          <params>
            <param index="0">
              <value>
                <![CDATA["List photos in an album"]]>
              </value>
            </param>
            <param index="1">
              <value>
                <![CDATA["JSONPlaceholder API smoke coverage"]]>
              </value>
            </param>
          </params>
          <reporter-output>
          </reporter-output>
        </test-method> <!-- runScenario -->
        <test-method signature="runScenario(io.cucumber.testng.PickleWrapper,io.cucumber.testng.FeatureWrapper)[pri:0, instance:com.algodatta.runners.ApiRunner@6ee660fb]" started-at="2026-02-23T02:30:19 IST" name="runScenario" description="Runs Cucumber Scenarios" data-provider="scenarios" finished-at="2026-02-23T02:30:21 IST" duration-ms="1635" status="PASS">
          <params>
            <param index="0">
              <value>
                <![CDATA["Create a post"]]>
              </value>
            </param>
            <param index="1">
              <value>
                <![CDATA["JSONPlaceholder API smoke coverage"]]>
              </value>
            </param>
          </params>
          <reporter-output>
          </reporter-output>
        </test-method> <!-- runScenario -->
        <test-method signature="runScenario(io.cucumber.testng.PickleWrapper,io.cucumber.testng.FeatureWrapper)[pri:0, instance:com.algodatta.runners.ApiRunner@6ee660fb]" started-at="2026-02-23T02:30:20 IST" name="runScenario" description="Runs Cucumber Scenarios" data-provider="scenarios" finished-at="2026-02-23T02:30:22 IST" duration-ms="1668" status="PASS">
          <params>
            <param index="0">
              <value>
                <![CDATA["Update a post with PUT"]]>
              </value>
            </param>
            <param index="1">
              <value>
                <![CDATA["JSONPlaceholder API smoke coverage"]]>
              </value>
            </param>
          </params>
          <reporter-output>
          </reporter-output>
        </test-method> <!-- runScenario -->
        <test-method signature="runScenario(io.cucumber.testng.PickleWrapper,io.cucumber.testng.FeatureWrapper)[pri:0, instance:com.algodatta.runners.ApiRunner@6ee660fb]" started-at="2026-02-23T02:30:20 IST" name="runScenario" description="Runs Cucumber Scenarios" data-provider="scenarios" finished-at="2026-02-23T02:30:21 IST" duration-ms="757" status="PASS">
          <params>
            <param index="0">
              <value>
                <![CDATA["Partial update a post with PATCH"]]>
              </value>
            </param>
            <param index="1">
              <value>
                <![CDATA["JSONPlaceholder API smoke coverage"]]>
              </value>
            </param>
          </params>
          <reporter-output>
          </reporter-output>
        </test-method> <!-- runScenario -->
        <test-method signature="runScenario(io.cucumber.testng.PickleWrapper,io.cucumber.testng.FeatureWrapper)[pri:0, instance:com.algodatta.runners.ApiRunner@6ee660fb]" started-at="2026-02-23T02:30:21 IST" name="runScenario" description="Runs Cucumber Scenarios" data-provider="scenarios" finished-at="2026-02-23T02:30:22 IST" duration-ms="1172" status="PASS">
          <params>
            <param index="0">
              <value>
                <![CDATA["Delete a post"]]>
              </value>
            </param>
            <param index="1">
              <value>
                <![CDATA["JSONPlaceholder API smoke coverage"]]>
              </value>
            </param>
          </params>
          <reporter-output>
          </reporter-output>
        </test-method> <!-- runScenario -->
        <test-method signature="runScenario(io.cucumber.testng.PickleWrapper,io.cucumber.testng.FeatureWrapper)[pri:0, instance:com.algodatta.runners.ApiRunner@6ee660fb]" started-at="2026-02-23T02:30:21 IST" name="runScenario" description="Runs Cucumber Scenarios" data-provider="scenarios" finished-at="2026-02-23T02:30:22 IST" duration-ms="767" status="FAIL">
          <params>
            <param index="0">
              <value>
                <![CDATA["Login then fetch user details"]]>
              </value>
            </param>
            <param index="1">
              <value>
                <![CDATA["ReqRes API validation"]]>
              </value>
            </param>
          </params>
          <exception class="java.lang.AssertionError">
            <message>
              <![CDATA[Unexpected status code expected [200] but found [403]]]>
            </message>
            <full-stacktrace>
              <![CDATA[java.lang.AssertionError: Unexpected status code expected [200] but found [403]
at org.testng.Assert.fail(Assert.java:111)
at org.testng.Assert.failNotEquals(Assert.java:1578)
at org.testng.Assert.assertEqualsImpl(Assert.java:150)
at org.testng.Assert.assertEquals(Assert.java:132)
at org.testng.Assert.assertEquals(Assert.java:1419)
at org.testng.Assert.assertEquals(Assert.java:1383)
at com.algodatta.api.validators.ResponseValidator.status(ResponseValidator.java:12)
at ui.steps.api.ApiSteps.status(ApiSteps.java:215)
at ✽.the response status should be 200(file:///E:/QA_KC/KC-sdet-automation/tests/src/test/resources/features/api/reqres.feature:11)
]]>
            </full-stacktrace>
          </exception> <!-- java.lang.AssertionError -->
          <reporter-output>
          </reporter-output>
        </test-method> <!-- runScenario -->
        <test-method is-config="true" signature="tearDownClass()[pri:0, instance:com.algodatta.runners.ApiRunner@6ee660fb]" started-at="2026-02-23T02:30:22 IST" name="tearDownClass" finished-at="2026-02-23T02:30:23 IST" duration-ms="1757" status="PASS">
          <reporter-output>
          </reporter-output>
        </test-method> <!-- tearDownClass -->
      </class> <!-- com.algodatta.runners.ApiRunner -->
      <class name="com.algodatta.runners.uiRunner">
        <test-method is-config="true" signature="setUpClass(org.testng.ITestContext)[pri:0, instance:com.algodatta.runners.uiRunner@4b41e4dd]" started-at="2026-02-23T02:30:23 IST" name="setUpClass" finished-at="2026-02-23T02:30:24 IST" duration-ms="42" status="PASS">
          <params>
            <param index="0">
              <value>
                <![CDATA[org.testng.TestRunner@a2341c6]]>
              </value>
            </param>
          </params>
          <reporter-output>
          </reporter-output>
        </test-method> <!-- setUpClass -->
        <test-method is-config="true" signature="tearDownClass()[pri:0, instance:com.algodatta.runners.uiRunner@4b41e4dd]" started-at="2026-02-23T02:30:24 IST" name="tearDownClass" finished-at="2026-02-23T02:30:24 IST" duration-ms="444" status="PASS">
          <reporter-output>
          </reporter-output>
        </test-method> <!-- tearDownClass -->
      </class> <!-- com.algodatta.runners.uiRunner -->
    </test> <!-- Surefire test -->
  </suite> <!-- Surefire suite -->
</testng-results>
