-------------------------------------------------------------------------------
Test set: TestSuite
-------------------------------------------------------------------------------
Tests run: 65, Failures: 7, Errors: 0, Skipped: 0, Time elapsed: 52.54 s <<< FAILURE! -- in TestSuite
com.algodatta.runners.ApiRunner.runScenario["Inspect query params, headers and client IP via /anything", "httpbin Regression API suite (positive and negative coverage)"](28) -- Time elapsed: 0.512 s <<< FAILURE!
java.lang.ClassCastException: class java.lang.String cannot be cast to class [C (java.lang.String and [C are in module java.base of loader 'bootstrap')
	at ui.steps.api.ApiSteps.jsonPathContainsString(ApiSteps.java:251)
	at ✽.the JSON path "url" should contain "inspect"(file:///E:/QA_KC/KC-sdet-automation/tests/src/test/resources/features/api/httpbin_regression.feature:95)

com.algodatta.runners.ApiRunner.runScenario["Create, read and delete cookies", "httpbin Regression API suite (positive and negative coverage)"](40) -- Time elapsed: 1.128 s <<< FAILURE!
java.lang.AssertionError: Unexpected JSONPath value for: cookies.kc expected [1] but found [null]
	at org.testng.Assert.fail(Assert.java:111)
	at org.testng.Assert.failNotEquals(Assert.java:1578)
	at org.testng.Assert.assertEqualsImpl(Assert.java:150)
	at org.testng.Assert.assertEquals(Assert.java:132)
	at com.algodatta.api.validators.ResponseValidator.jsonPathEquals(ResponseValidator.java:54)
	at ui.steps.api.ApiSteps.jsonPathEqualsString(ApiSteps.java:245)
	at ✽.the JSON path "cookies.kc" should be "1"(file:///E:/QA_KC/KC-sdet-automation/tests/src/test/resources/features/api/httpbin_regression.feature:169)

com.algodatta.runners.ApiRunner.runScenario["GET /anything echoes the request method", "httpbin Smoke API suite"](50) -- Time elapsed: 0.206 s <<< FAILURE!
java.lang.AssertionError: Unexpected status code expected [200] but found [400]
	at org.testng.Assert.fail(Assert.java:111)
	at org.testng.Assert.failNotEquals(Assert.java:1578)
	at org.testng.Assert.assertEqualsImpl(Assert.java:150)
	at org.testng.Assert.assertEquals(Assert.java:132)
	at org.testng.Assert.assertEquals(Assert.java:1419)
	at org.testng.Assert.assertEquals(Assert.java:1383)
	at com.algodatta.api.validators.ResponseValidator.status(ResponseValidator.java:12)
	at ui.steps.api.ApiSteps.status(ApiSteps.java:215)
	at ✽.the response status should be 200(file:///E:/QA_KC/KC-sdet-automation/tests/src/test/resources/features/api/httpbin_smoke.feature:21)

com.algodatta.runners.ApiRunner.runScenario["Basic POST should echo JSON payload", "httpbin Smoke API suite"](51) -- Time elapsed: 1.113 s <<< FAILURE!
java.lang.AssertionError: Unexpected status code expected [200] but found [400]
	at org.testng.Assert.fail(Assert.java:111)
	at org.testng.Assert.failNotEquals(Assert.java:1578)
	at org.testng.Assert.assertEqualsImpl(Assert.java:150)
	at org.testng.Assert.assertEquals(Assert.java:132)
	at org.testng.Assert.assertEquals(Assert.java:1419)
	at org.testng.Assert.assertEquals(Assert.java:1383)
	at com.algodatta.api.validators.ResponseValidator.status(ResponseValidator.java:12)
	at ui.steps.api.ApiSteps.status(ApiSteps.java:215)
	at ✽.the response status should be 200(file:///E:/QA_KC/KC-sdet-automation/tests/src/test/resources/features/api/httpbin_smoke.feature:32)

com.algodatta.runners.ApiRunner.runScenario["Basic Auth negative", "httpbin Smoke API suite"](52) -- Time elapsed: 0.389 s <<< FAILURE!
java.lang.AssertionError: Unexpected status code expected [401] but found [400]
	at org.testng.Assert.fail(Assert.java:111)
	at org.testng.Assert.failNotEquals(Assert.java:1578)
	at org.testng.Assert.assertEqualsImpl(Assert.java:150)
	at org.testng.Assert.assertEquals(Assert.java:132)
	at org.testng.Assert.assertEquals(Assert.java:1419)
	at org.testng.Assert.assertEquals(Assert.java:1383)
	at com.algodatta.api.validators.ResponseValidator.status(ResponseValidator.java:12)
	at ui.steps.api.ApiSteps.status(ApiSteps.java:215)
	at ✽.the response status should be 401(file:///E:/QA_KC/KC-sdet-automation/tests/src/test/resources/features/api/httpbin_smoke.feature:46)

com.algodatta.runners.ApiRunner.runScenario["Basic Auth positive", "httpbin Smoke API suite"](53) -- Time elapsed: 0.129 s <<< FAILURE!
java.lang.AssertionError: Unexpected status code expected [200] but found [400]
	at org.testng.Assert.fail(Assert.java:111)
	at org.testng.Assert.failNotEquals(Assert.java:1578)
	at org.testng.Assert.assertEqualsImpl(Assert.java:150)
	at org.testng.Assert.assertEquals(Assert.java:132)
	at org.testng.Assert.assertEquals(Assert.java:1419)
	at org.testng.Assert.assertEquals(Assert.java:1383)
	at com.algodatta.api.validators.ResponseValidator.status(ResponseValidator.java:12)
	at ui.steps.api.ApiSteps.status(ApiSteps.java:215)
	at ✽.the response status should be 200(file:///E:/QA_KC/KC-sdet-automation/tests/src/test/resources/features/api/httpbin_smoke.feature:40)

com.algodatta.runners.ApiRunner.runScenario["Login then fetch user details", "ReqRes API validation"](62) -- Time elapsed: 0.291 s <<< FAILURE!
java.lang.AssertionError: Unexpected status code expected [200] but found [403]
	at org.testng.Assert.fail(Assert.java:111)
	at org.testng.Assert.failNotEquals(Assert.java:1578)
	at org.testng.Assert.assertEqualsImpl(Assert.java:150)
	at org.testng.Assert.assertEquals(Assert.java:132)
	at org.testng.Assert.assertEquals(Assert.java:1419)
	at org.testng.Assert.assertEquals(Assert.java:1383)
	at com.algodatta.api.validators.ResponseValidator.status(ResponseValidator.java:12)
	at ui.steps.api.ApiSteps.status(ApiSteps.java:215)
	at ✽.the response status should be 200(file:///E:/QA_KC/KC-sdet-automation/tests/src/test/resources/features/api/reqres.feature:11)

