<?xml version="1.0" encoding="UTF-8"?>
<!-- Generated by org.testng.reporters.JUnitXMLReporter -->
<testsuite ignored="0" hostname="DESKTOP-10OGAFO" failures="7" tests="65" name="Surefire test" time="47.772" errors="0" timestamp="2026-02-23T20:46:59 IST">
  <testcase classname="io.cucumber.testng.AbstractTestNGCucumberTests" name="runScenario" time="7.48"/>
  <testcase classname="io.cucumber.testng.AbstractTestNGCucumberTests" name="runScenario" time="7.578"/>
  <testcase classname="io.cucumber.testng.AbstractTestNGCucumberTests" name="runScenario" time="7.628"/>
  <testcase classname="io.cucumber.testng.AbstractTestNGCucumberTests" name="runScenario" time="8.224"/>
  <testcase classname="io.cucumber.testng.AbstractTestNGCucumberTests" name="runScenario" time="3.527"/>
  <testcase classname="io.cucumber.testng.AbstractTestNGCucumberTests" name="runScenario" time="4.745"/>
  <testcase classname="io.cucumber.testng.AbstractTestNGCucumberTests" name="runScenario" time="4.749"/>
  <testcase classname="io.cucumber.testng.AbstractTestNGCucumberTests" name="runScenario" time="4.274"/>
  <testcase classname="io.cucumber.testng.AbstractTestNGCucumberTests" name="runScenario" time="2.176"/>
  <testcase classname="io.cucumber.testng.AbstractTestNGCucumberTests" name="runScenario" time="2.303"/>
  <testcase classname="io.cucumber.testng.AbstractTestNGCucumberTests" name="runScenario" time="2.413"/>
  <testcase classname="io.cucumber.testng.AbstractTestNGCucumberTests" name="runScenario" time="3.057"/>
  <testcase classname="io.cucumber.testng.AbstractTestNGCucumberTests" name="runScenario" time="3.0"/>
  <testcase classname="io.cucumber.testng.AbstractTestNGCucumberTests" name="runScenario" time="2.356"/>
  <testcase classname="io.cucumber.testng.AbstractTestNGCucumberTests" name="runScenario" time="2.52"/>
  <testcase classname="io.cucumber.testng.AbstractTestNGCucumberTests" name="runScenario" time="3.012"/>
  <testcase classname="io.cucumber.testng.AbstractTestNGCucumberTests" name="runScenario" time="2.448"/>
  <testcase classname="io.cucumber.testng.AbstractTestNGCucumberTests" name="runScenario" time="1.793"/>
  <testcase classname="io.cucumber.testng.AbstractTestNGCucumberTests" name="runScenario" time="1.717"/>
  <testcase classname="io.cucumber.testng.AbstractTestNGCucumberTests" name="runScenario" time="2.395"/>
  <testcase classname="io.cucumber.testng.AbstractTestNGCucumberTests" name="runScenario" time="2.486"/>
  <testcase classname="io.cucumber.testng.AbstractTestNGCucumberTests" name="runScenario" time="2.04"/>
  <testcase classname="io.cucumber.testng.AbstractTestNGCucumberTests" name="runScenario" time="2.433"/>
  <testcase classname="io.cucumber.testng.AbstractTestNGCucumberTests" name="runScenario" time="2.1"/>
  <testcase classname="io.cucumber.testng.AbstractTestNGCucumberTests" name="runScenario" time="2.844"/>
  <testcase classname="io.cucumber.testng.AbstractTestNGCucumberTests" name="runScenario" time="3.171"/>
  <testcase classname="io.cucumber.testng.AbstractTestNGCucumberTests" name="runScenario" time="1.857"/>
  <testcase classname="io.cucumber.testng.AbstractTestNGCucumberTests" name="runScenario" time="4.625">
    <failure type="java.lang.ClassCastException" message="class java.lang.String cannot be cast to class [C (java.lang.String and [C are in module java.base of loader &amp;apos;bootstrap&amp;apos;)">
      <![CDATA[java.lang.ClassCastException: class java.lang.String cannot be cast to class [C (java.lang.String and [C are in module java.base of loader 'bootstrap')
at ui.steps.api.ApiSteps.jsonPathContainsString(ApiSteps.java:251)
at ✽.the JSON path "url" should contain "inspect"(file:///E:/QA_KC/KC-sdet-automation/tests/src/test/resources/features/api/httpbin_regression.feature:95)
]]>
    </failure>
  </testcase> <!-- runScenario -->
  <testcase classname="io.cucumber.testng.AbstractTestNGCucumberTests" name="runScenario" time="1.871"/>
  <testcase classname="io.cucumber.testng.AbstractTestNGCucumberTests" name="runScenario" time="2.499"/>
  <testcase classname="io.cucumber.testng.AbstractTestNGCucumberTests" name="runScenario" time="1.805"/>
  <testcase classname="io.cucumber.testng.AbstractTestNGCucumberTests" name="runScenario" time="1.896"/>
  <testcase classname="io.cucumber.testng.AbstractTestNGCucumberTests" name="runScenario" time="1.809"/>
  <testcase classname="io.cucumber.testng.AbstractTestNGCucumberTests" name="runScenario" time="1.924"/>
  <testcase classname="io.cucumber.testng.AbstractTestNGCucumberTests" name="runScenario" time="2.658"/>
  <testcase classname="io.cucumber.testng.AbstractTestNGCucumberTests" name="runScenario" time="2.317"/>
  <testcase classname="io.cucumber.testng.AbstractTestNGCucumberTests" name="runScenario" time="3.655"/>
  <testcase classname="io.cucumber.testng.AbstractTestNGCucumberTests" name="runScenario" time="2.768"/>
  <testcase classname="io.cucumber.testng.AbstractTestNGCucumberTests" name="runScenario" time="1.837"/>
  <testcase classname="io.cucumber.testng.AbstractTestNGCucumberTests" name="runScenario" time="3.388">
    <failure type="java.lang.AssertionError" message="Unexpected JSONPath value for: cookies.kc expected [1] but found [null]">
      <![CDATA[java.lang.AssertionError: Unexpected JSONPath value for: cookies.kc expected [1] but found [null]
at com.algodatta.api.validators.ResponseValidator.jsonPathEquals(ResponseValidator.java:54)
at ui.steps.api.ApiSteps.jsonPathEqualsString(ApiSteps.java:245)
at ✽.the JSON path "cookies.kc" should be "1"(file:///E:/QA_KC/KC-sdet-automation/tests/src/test/resources/features/api/httpbin_regression.feature:169)
... Removed 4 stack frames]]>
    </failure>
  </testcase> <!-- runScenario -->
  <testcase classname="io.cucumber.testng.AbstractTestNGCucumberTests" name="runScenario" time="1.847"/>
  <testcase classname="io.cucumber.testng.AbstractTestNGCucumberTests" name="runScenario" time="1.688"/>
  <testcase classname="io.cucumber.testng.AbstractTestNGCucumberTests" name="runScenario" time="2.018"/>
  <testcase classname="io.cucumber.testng.AbstractTestNGCucumberTests" name="runScenario" time="2.066"/>
  <testcase classname="io.cucumber.testng.AbstractTestNGCucumberTests" name="runScenario" time="1.691"/>
  <testcase classname="io.cucumber.testng.AbstractTestNGCucumberTests" name="runScenario" time="1.742"/>
  <testcase classname="io.cucumber.testng.AbstractTestNGCucumberTests" name="runScenario" time="3.086"/>
  <testcase classname="io.cucumber.testng.AbstractTestNGCucumberTests" name="runScenario" time="2.126"/>
  <testcase classname="io.cucumber.testng.AbstractTestNGCucumberTests" name="runScenario" time="2.305"/>
  <testcase classname="io.cucumber.testng.AbstractTestNGCucumberTests" name="runScenario" time="2.345">
    <failure type="java.lang.AssertionError" message="Unexpected status code expected [200] but found [400]">
      <![CDATA[java.lang.AssertionError: Unexpected status code expected [200] but found [400]
at com.algodatta.api.validators.ResponseValidator.status(ResponseValidator.java:12)
at ui.steps.api.ApiSteps.status(ApiSteps.java:215)
at ✽.the response status should be 200(file:///E:/QA_KC/KC-sdet-automation/tests/src/test/resources/features/api/httpbin_smoke.feature:21)
... Removed 6 stack frames]]>
    </failure>
  </testcase> <!-- runScenario -->
  <testcase classname="io.cucumber.testng.AbstractTestNGCucumberTests" name="runScenario" time="1.872">
    <failure type="java.lang.AssertionError" message="Unexpected status code expected [200] but found [400]">
      <![CDATA[java.lang.AssertionError: Unexpected status code expected [200] but found [400]
at com.algodatta.api.validators.ResponseValidator.status(ResponseValidator.java:12)
at ui.steps.api.ApiSteps.status(ApiSteps.java:215)
at ✽.the response status should be 200(file:///E:/QA_KC/KC-sdet-automation/tests/src/test/resources/features/api/httpbin_smoke.feature:32)
... Removed 6 stack frames]]>
    </failure>
  </testcase> <!-- runScenario -->
  <testcase classname="io.cucumber.testng.AbstractTestNGCucumberTests" name="runScenario" time="1.822">
    <failure type="java.lang.AssertionError" message="Unexpected status code expected [401] but found [400]">
      <![CDATA[java.lang.AssertionError: Unexpected status code expected [401] but found [400]
at com.algodatta.api.validators.ResponseValidator.status(ResponseValidator.java:12)
at ui.steps.api.ApiSteps.status(ApiSteps.java:215)
at ✽.the response status should be 401(file:///E:/QA_KC/KC-sdet-automation/tests/src/test/resources/features/api/httpbin_smoke.feature:46)
... Removed 6 stack frames]]>
    </failure>
  </testcase> <!-- runScenario -->
  <testcase classname="io.cucumber.testng.AbstractTestNGCucumberTests" name="runScenario" time="2.052">
    <failure type="java.lang.AssertionError" message="Unexpected status code expected [200] but found [400]">
      <![CDATA[java.lang.AssertionError: Unexpected status code expected [200] but found [400]
at com.algodatta.api.validators.ResponseValidator.status(ResponseValidator.java:12)
at ui.steps.api.ApiSteps.status(ApiSteps.java:215)
at ✽.the response status should be 200(file:///E:/QA_KC/KC-sdet-automation/tests/src/test/resources/features/api/httpbin_smoke.feature:40)
... Removed 6 stack frames]]>
    </failure>
  </testcase> <!-- runScenario -->
  <testcase classname="io.cucumber.testng.AbstractTestNGCucumberTests" name="runScenario" time="1.19"/>
  <testcase classname="io.cucumber.testng.AbstractTestNGCucumberTests" name="runScenario" time="2.764"/>
  <testcase classname="io.cucumber.testng.AbstractTestNGCucumberTests" name="runScenario" time="1.355"/>
  <testcase classname="io.cucumber.testng.AbstractTestNGCucumberTests" name="runScenario" time="2.041"/>
  <testcase classname="io.cucumber.testng.AbstractTestNGCucumberTests" name="runScenario" time="0.786"/>
  <testcase classname="io.cucumber.testng.AbstractTestNGCucumberTests" name="runScenario" time="1.041"/>
  <testcase classname="io.cucumber.testng.AbstractTestNGCucumberTests" name="runScenario" time="1.416"/>
  <testcase classname="io.cucumber.testng.AbstractTestNGCucumberTests" name="runScenario" time="1.523"/>
  <testcase classname="io.cucumber.testng.AbstractTestNGCucumberTests" name="runScenario" time="0.403">
    <failure type="java.lang.AssertionError" message="Unexpected status code expected [200] but found [403]">
      <![CDATA[java.lang.AssertionError: Unexpected status code expected [200] but found [403]
at com.algodatta.api.validators.ResponseValidator.status(ResponseValidator.java:12)
at ui.steps.api.ApiSteps.status(ApiSteps.java:215)
at ✽.the response status should be 200(file:///E:/QA_KC/KC-sdet-automation/tests/src/test/resources/features/api/reqres.feature:11)
... Removed 6 stack frames]]>
    </failure>
  </testcase> <!-- runScenario -->
  <testcase classname="io.cucumber.testng.AbstractTestNGCucumberTests" name="runScenario" time="1.385"/>
  <testcase classname="io.cucumber.testng.AbstractTestNGCucumberTests" name="runScenario" time="0.808"/>
  <testcase classname="io.cucumber.testng.AbstractTestNGCucumberTests" name="runScenario" time="1.343"/>
</testsuite> <!-- Surefire test -->
