<?xml version="1.0" encoding="UTF-8"?>
<!-- Generated by org.testng.reporters.JUnitReportReporter -->
<testsuite hostname="DESKTOP-10OGAFO" failures="15" tests="59" name="com.algodatta.runners.ApiRunner" time="160.244" errors="5" timestamp="2026-02-22T13:31:02 IST" skipped="0">
  <testcase classname="com.algodatta.runners.ApiRunner" name="runScenario" time="1.589"/>
  <testcase classname="com.algodatta.runners.ApiRunner" name="runScenario" time="1.869"/>
  <testcase classname="com.algodatta.runners.ApiRunner" name="runScenario" time="2.270"/>
  <testcase classname="com.algodatta.runners.ApiRunner" name="runScenario" time="2.186"/>
  <testcase classname="com.algodatta.runners.ApiRunner" name="runScenario" time="1.734"/>
  <testcase classname="com.algodatta.runners.ApiRunner" name="runScenario" time="1.629"/>
  <testcase classname="com.algodatta.runners.ApiRunner" name="runScenario" time="1.617"/>
  <testcase classname="com.algodatta.runners.ApiRunner" name="runScenario" time="1.650">
    <failure message="Unexpected JSONPath value for: method expected [GET] but found [null]" type="java.lang.AssertionError">
      <![CDATA[java.lang.AssertionError: Unexpected JSONPath value for: method expected [GET] but found [null]
at org.testng.Assert.fail(Assert.java:111)
at org.testng.Assert.failNotEquals(Assert.java:1578)
at org.testng.Assert.assertEqualsImpl(Assert.java:150)
at org.testng.Assert.assertEquals(Assert.java:132)
at com.algodatta.api.validators.ResponseValidator.jsonPathEquals(ResponseValidator.java:54)
at ui.steps.api.ApiSteps.jsonPathEqualsString(ApiSteps.java:147)
at ✽.the JSON path "method" should be "GET"(file:///E:/QA_KC/KC-sdet-automation/tests/src/test/resources/features/api/httpbin_smoke.feature:13)
]]>
    </failure>
  </testcase> <!-- runScenario -->
  <testcase classname="com.algodatta.runners.ApiRunner" name="runScenario" time="1.666">
    <failure message="Unexpected status code expected [200] but found [400]" type="java.lang.AssertionError">
      <![CDATA[java.lang.AssertionError: Unexpected status code expected [200] but found [400]
at org.testng.Assert.fail(Assert.java:111)
at org.testng.Assert.failNotEquals(Assert.java:1578)
at org.testng.Assert.assertEqualsImpl(Assert.java:150)
at org.testng.Assert.assertEquals(Assert.java:132)
at org.testng.Assert.assertEquals(Assert.java:1419)
at org.testng.Assert.assertEquals(Assert.java:1383)
at com.algodatta.api.validators.ResponseValidator.status(ResponseValidator.java:12)
at ui.steps.api.ApiSteps.status(ApiSteps.java:117)
at ✽.the response status should be 200(file:///E:/QA_KC/KC-sdet-automation/tests/src/test/resources/features/api/jsonplaceholder_smoke.feature:53)
]]>
    </failure>
  </testcase> <!-- runScenario -->
  <testcase classname="com.algodatta.runners.ApiRunner" name="runScenario" time="2.427">
    <failure message="Unexpected status code expected [200] but found [404]" type="java.lang.AssertionError">
      <![CDATA[java.lang.AssertionError: Unexpected status code expected [200] but found [404]
at org.testng.Assert.fail(Assert.java:111)
at org.testng.Assert.failNotEquals(Assert.java:1578)
at org.testng.Assert.assertEqualsImpl(Assert.java:150)
at org.testng.Assert.assertEquals(Assert.java:132)
at org.testng.Assert.assertEquals(Assert.java:1419)
at org.testng.Assert.assertEquals(Assert.java:1383)
at com.algodatta.api.validators.ResponseValidator.status(ResponseValidator.java:12)
at ui.steps.api.ApiSteps.status(ApiSteps.java:117)
at ✽.the response status should be 200(file:///E:/QA_KC/KC-sdet-automation/tests/src/test/resources/features/api/jsonplaceholder_smoke.feature:9)
]]>
    </failure>
  </testcase> <!-- runScenario -->
  <testcase classname="com.algodatta.runners.ApiRunner" name="runScenario" time="1.628"/>
  <testcase classname="com.algodatta.runners.ApiRunner" name="runScenario" time="1.681"/>
  <testcase classname="com.algodatta.runners.ApiRunner" name="runScenario" time="1.732"/>
  <testcase classname="com.algodatta.runners.ApiRunner" name="runScenario" time="1.842"/>
  <testcase classname="com.algodatta.runners.ApiRunner" name="runScenario" time="1.933">
    <failure message="Unexpected JSONPath value for: method expected [DELETE] but found [null]" type="java.lang.AssertionError">
      <![CDATA[java.lang.AssertionError: Unexpected JSONPath value for: method expected [DELETE] but found [null]
at org.testng.Assert.fail(Assert.java:111)
at org.testng.Assert.failNotEquals(Assert.java:1578)
at org.testng.Assert.assertEqualsImpl(Assert.java:150)
at org.testng.Assert.assertEquals(Assert.java:132)
at com.algodatta.api.validators.ResponseValidator.jsonPathEquals(ResponseValidator.java:54)
at ui.steps.api.ApiSteps.jsonPathEqualsString(ApiSteps.java:147)
at ✽.the JSON path "method" should be "DELETE"(file:///E:/QA_KC/KC-sdet-automation/tests/src/test/resources/features/api/httpbin_regression.feature:13)
]]>
    </failure>
  </testcase> <!-- runScenario -->
  <testcase classname="com.algodatta.runners.ApiRunner" name="runScenario" time="1.595"/>
  <testcase classname="com.algodatta.runners.ApiRunner" name="runScenario" time="1.712"/>
  <testcase classname="com.algodatta.runners.ApiRunner" name="runScenario" time="1.759"/>
  <testcase classname="com.algodatta.runners.ApiRunner" name="runScenario" time="1.852"/>
  <testcase classname="com.algodatta.runners.ApiRunner" name="runScenario" time="0.015">
    <error message="The step &#039;I PUT &quot;/posts/1&quot; with json body:&#039; and 2 other step(s) are undefined.
You can implement these steps using the snippet(s) below:

@When(&quot;I PUT {string} with json body:&quot;)
public void i_put_with_json_body(String string, String docString) {
    // Write code here that turns the phrase above into concrete actions
    throw new io.cucumber.java.PendingException();
}
@Then(&quot;json path {string} should be {int}&quot;)
public void json_path_should_be(String string, Integer int1) {
    // Write code here that turns the phrase above into concrete actions
    throw new io.cucumber.java.PendingException();
}
@Then(&quot;json path {string} should be {string}&quot;)
public void json_path_should_be(String string, String string2) {
    // Write code here that turns the phrase above into concrete actions
    throw new io.cucumber.java.PendingException();
}
" type="io.cucumber.testng.UndefinedStepException">
      <![CDATA[io.cucumber.testng.UndefinedStepException: The step 'I PUT "/posts/1" with json body:' and 2 other step(s) are undefined.
You can implement these steps using the snippet(s) below:

@When("I PUT {string} with json body:")
public void i_put_with_json_body(String string, String docString) {
    // Write code here that turns the phrase above into concrete actions
    throw new io.cucumber.java.PendingException();
}
@Then("json path {string} should be {int}")
public void json_path_should_be(String string, Integer int1) {
    // Write code here that turns the phrase above into concrete actions
    throw new io.cucumber.java.PendingException();
}
@Then("json path {string} should be {string}")
public void json_path_should_be(String string, String string2) {
    // Write code here that turns the phrase above into concrete actions
    throw new io.cucumber.java.PendingException();
}

at io.cucumber.core.runtime.TestCaseResultObserver.assertTestCasePassed(TestCaseResultObserver.java:69)
at io.cucumber.testng.TestCaseResultObserver.assertTestCasePassed(TestCaseResultObserver.java:23)
at io.cucumber.testng.TestNGCucumberRunner.lambda$runScenario$1(TestNGCucumberRunner.java:133)
at io.cucumber.core.runtime.CucumberExecutionContext.lambda$runTestCase$5(CucumberExecutionContext.java:136)
at io.cucumber.core.runtime.RethrowingThrowableCollector.executeAndThrow(RethrowingThrowableCollector.java:23)
at io.cucumber.core.runtime.CucumberExecutionContext.runTestCase(CucumberExecutionContext.java:136)
at io.cucumber.testng.TestNGCucumberRunner.runScenario(TestNGCucumberRunner.java:129)
at io.cucumber.testng.AbstractTestNGCucumberTests.runScenario(AbstractTestNGCucumberTests.java:35)
at jdk.internal.reflect.GeneratedMethodAccessor182.invoke(Unknown Source)
at java.base/jdk.internal.reflect.DelegatingMethodAccessorImpl.invoke(DelegatingMethodAccessorImpl.java:43)
at java.base/java.lang.reflect.Method.invoke(Method.java:568)
at org.testng.internal.invokers.MethodInvocationHelper.invokeMethod(MethodInvocationHelper.java:141)
at org.testng.internal.invokers.TestInvoker.invokeMethod(TestInvoker.java:686)
at org.testng.internal.invokers.TestInvoker.invokeTestMethod(TestInvoker.java:230)
at org.testng.internal.invokers.TestMethodWithDataProviderMethodWorker.call(TestMethodWithDataProviderMethodWorker.java:81)
at org.testng.internal.thread.Async$AsyncTask.run(Async.java:34)
at java.base/java.util.concurrent.ThreadPoolExecutor.runWorker(ThreadPoolExecutor.java:1136)
at java.base/java.util.concurrent.ThreadPoolExecutor$Worker.run(ThreadPoolExecutor.java:635)
at java.base/java.lang.Thread.run(Thread.java:842)
]]>
    </error>
  </testcase> <!-- runScenario -->
  <testcase classname="com.algodatta.runners.ApiRunner" name="runScenario" time="0.027">
    <error message="The step &#039;I POST &quot;/posts&quot; with json body:&#039; and 2 other step(s) are undefined.
You can implement these steps using the snippet(s) below:

@When(&quot;I POST {string} with json body:&quot;)
public void i_post_with_json_body(String string, String docString) {
    // Write code here that turns the phrase above into concrete actions
    throw new io.cucumber.java.PendingException();
}
@Then(&quot;json path {string} should not be null&quot;)
public void json_path_should_not_be_null(String string) {
    // Write code here that turns the phrase above into concrete actions
    throw new io.cucumber.java.PendingException();
}
@Then(&quot;json path {string} should be {int}&quot;)
public void json_path_should_be(String string, Integer int1) {
    // Write code here that turns the phrase above into concrete actions
    throw new io.cucumber.java.PendingException();
}
" type="io.cucumber.testng.UndefinedStepException">
      <![CDATA[io.cucumber.testng.UndefinedStepException: The step 'I POST "/posts" with json body:' and 2 other step(s) are undefined.
You can implement these steps using the snippet(s) below:

@When("I POST {string} with json body:")
public void i_post_with_json_body(String string, String docString) {
    // Write code here that turns the phrase above into concrete actions
    throw new io.cucumber.java.PendingException();
}
@Then("json path {string} should not be null")
public void json_path_should_not_be_null(String string) {
    // Write code here that turns the phrase above into concrete actions
    throw new io.cucumber.java.PendingException();
}
@Then("json path {string} should be {int}")
public void json_path_should_be(String string, Integer int1) {
    // Write code here that turns the phrase above into concrete actions
    throw new io.cucumber.java.PendingException();
}

at io.cucumber.core.runtime.TestCaseResultObserver.assertTestCasePassed(TestCaseResultObserver.java:69)
at io.cucumber.testng.TestCaseResultObserver.assertTestCasePassed(TestCaseResultObserver.java:23)
at io.cucumber.testng.TestNGCucumberRunner.lambda$runScenario$1(TestNGCucumberRunner.java:133)
at io.cucumber.core.runtime.CucumberExecutionContext.lambda$runTestCase$5(CucumberExecutionContext.java:136)
at io.cucumber.core.runtime.RethrowingThrowableCollector.executeAndThrow(RethrowingThrowableCollector.java:23)
at io.cucumber.core.runtime.CucumberExecutionContext.runTestCase(CucumberExecutionContext.java:136)
at io.cucumber.testng.TestNGCucumberRunner.runScenario(TestNGCucumberRunner.java:129)
at io.cucumber.testng.AbstractTestNGCucumberTests.runScenario(AbstractTestNGCucumberTests.java:35)
at jdk.internal.reflect.GeneratedMethodAccessor182.invoke(Unknown Source)
at java.base/jdk.internal.reflect.DelegatingMethodAccessorImpl.invoke(DelegatingMethodAccessorImpl.java:43)
at java.base/java.lang.reflect.Method.invoke(Method.java:568)
at org.testng.internal.invokers.MethodInvocationHelper.invokeMethod(MethodInvocationHelper.java:141)
at org.testng.internal.invokers.TestInvoker.invokeMethod(TestInvoker.java:686)
at org.testng.internal.invokers.TestInvoker.invokeTestMethod(TestInvoker.java:230)
at org.testng.internal.invokers.TestMethodWithDataProviderMethodWorker.call(TestMethodWithDataProviderMethodWorker.java:81)
at org.testng.internal.thread.Async$AsyncTask.run(Async.java:34)
at java.base/java.util.concurrent.ThreadPoolExecutor.runWorker(ThreadPoolExecutor.java:1136)
at java.base/java.util.concurrent.ThreadPoolExecutor$Worker.run(ThreadPoolExecutor.java:635)
at java.base/java.lang.Thread.run(Thread.java:842)
]]>
    </error>
  </testcase> <!-- runScenario -->
  <testcase classname="com.algodatta.runners.ApiRunner" name="runScenario" time="2.358"/>
  <testcase classname="com.algodatta.runners.ApiRunner" name="runScenario" time="2.746"/>
  <testcase classname="com.algodatta.runners.ApiRunner" name="runScenario" time="15.490">
    <failure message="Unexpected JSONPath value for: method expected [GET] but found [null]" type="java.lang.AssertionError">
      <![CDATA[java.lang.AssertionError: Unexpected JSONPath value for: method expected [GET] but found [null]
at org.testng.Assert.fail(Assert.java:111)
at org.testng.Assert.failNotEquals(Assert.java:1578)
at org.testng.Assert.assertEqualsImpl(Assert.java:150)
at org.testng.Assert.assertEquals(Assert.java:132)
at com.algodatta.api.validators.ResponseValidator.jsonPathEquals(ResponseValidator.java:54)
at ui.steps.api.ApiSteps.jsonPathEqualsString(ApiSteps.java:147)
at ✽.the JSON path "method" should be "GET"(file:///E:/QA_KC/KC-sdet-automation/tests/src/test/resources/features/api/httpbin_regression.feature:13)
]]>
    </failure>
  </testcase> <!-- runScenario -->
  <testcase classname="com.algodatta.runners.ApiRunner" name="runScenario" time="1.763">
    <failure message="Unexpected status code expected [200] but found [400]" type="java.lang.AssertionError">
      <![CDATA[java.lang.AssertionError: Unexpected status code expected [200] but found [400]
at org.testng.Assert.fail(Assert.java:111)
at org.testng.Assert.failNotEquals(Assert.java:1578)
at org.testng.Assert.assertEqualsImpl(Assert.java:150)
at org.testng.Assert.assertEquals(Assert.java:132)
at org.testng.Assert.assertEquals(Assert.java:1419)
at org.testng.Assert.assertEquals(Assert.java:1383)
at com.algodatta.api.validators.ResponseValidator.status(ResponseValidator.java:12)
at ui.steps.api.ApiSteps.status(ApiSteps.java:117)
at ✽.the response status should be 200(file:///E:/QA_KC/KC-sdet-automation/tests/src/test/resources/features/api/jsonplaceholder_smoke.feature:31)
]]>
    </failure>
  </testcase> <!-- runScenario -->
  <testcase classname="com.algodatta.runners.ApiRunner" name="runScenario" time="0.033">
    <error message="The step &#039;I PATCH &quot;/posts/1&quot; with json body:&#039; and 1 other step(s) are undefined.
You can implement these steps using the snippet(s) below:

@When(&quot;I PATCH {string} with json body:&quot;)
public void i_patch_with_json_body(String string, String docString) {
    // Write code here that turns the phrase above into concrete actions
    throw new io.cucumber.java.PendingException();
}
@Then(&quot;json path {string} should be {string}&quot;)
public void json_path_should_be(String string, String string2) {
    // Write code here that turns the phrase above into concrete actions
    throw new io.cucumber.java.PendingException();
}
" type="io.cucumber.testng.UndefinedStepException">
      <![CDATA[io.cucumber.testng.UndefinedStepException: The step 'I PATCH "/posts/1" with json body:' and 1 other step(s) are undefined.
You can implement these steps using the snippet(s) below:

@When("I PATCH {string} with json body:")
public void i_patch_with_json_body(String string, String docString) {
    // Write code here that turns the phrase above into concrete actions
    throw new io.cucumber.java.PendingException();
}
@Then("json path {string} should be {string}")
public void json_path_should_be(String string, String string2) {
    // Write code here that turns the phrase above into concrete actions
    throw new io.cucumber.java.PendingException();
}

at io.cucumber.core.runtime.TestCaseResultObserver.assertTestCasePassed(TestCaseResultObserver.java:69)
at io.cucumber.testng.TestCaseResultObserver.assertTestCasePassed(TestCaseResultObserver.java:23)
at io.cucumber.testng.TestNGCucumberRunner.lambda$runScenario$1(TestNGCucumberRunner.java:133)
at io.cucumber.core.runtime.CucumberExecutionContext.lambda$runTestCase$5(CucumberExecutionContext.java:136)
at io.cucumber.core.runtime.RethrowingThrowableCollector.executeAndThrow(RethrowingThrowableCollector.java:23)
at io.cucumber.core.runtime.CucumberExecutionContext.runTestCase(CucumberExecutionContext.java:136)
at io.cucumber.testng.TestNGCucumberRunner.runScenario(TestNGCucumberRunner.java:129)
at io.cucumber.testng.AbstractTestNGCucumberTests.runScenario(AbstractTestNGCucumberTests.java:35)
at jdk.internal.reflect.GeneratedMethodAccessor182.invoke(Unknown Source)
at java.base/jdk.internal.reflect.DelegatingMethodAccessorImpl.invoke(DelegatingMethodAccessorImpl.java:43)
at java.base/java.lang.reflect.Method.invoke(Method.java:568)
at org.testng.internal.invokers.MethodInvocationHelper.invokeMethod(MethodInvocationHelper.java:141)
at org.testng.internal.invokers.TestInvoker.invokeMethod(TestInvoker.java:686)
at org.testng.internal.invokers.TestInvoker.invokeTestMethod(TestInvoker.java:230)
at org.testng.internal.invokers.TestMethodWithDataProviderMethodWorker.call(TestMethodWithDataProviderMethodWorker.java:81)
at org.testng.internal.thread.Async$AsyncTask.run(Async.java:34)
at java.base/java.util.concurrent.ThreadPoolExecutor.runWorker(ThreadPoolExecutor.java:1136)
at java.base/java.util.concurrent.ThreadPoolExecutor$Worker.run(ThreadPoolExecutor.java:635)
at java.base/java.lang.Thread.run(Thread.java:842)
]]>
    </error>
  </testcase> <!-- runScenario -->
  <testcase classname="com.algodatta.runners.ApiRunner" name="runScenario" time="0.035">
    <error message="The step &#039;I DELETE &quot;/posts/1&quot;&#039; is undefined.
You can implement this step using the snippet(s) below:

@When(&quot;I DELETE {string}&quot;)
public void i_delete(String string) {
    // Write code here that turns the phrase above into concrete actions
    throw new io.cucumber.java.PendingException();
}
" type="io.cucumber.testng.UndefinedStepException">
      <![CDATA[io.cucumber.testng.UndefinedStepException: The step 'I DELETE "/posts/1"' is undefined.
You can implement this step using the snippet(s) below:

@When("I DELETE {string}")
public void i_delete(String string) {
    // Write code here that turns the phrase above into concrete actions
    throw new io.cucumber.java.PendingException();
}

at io.cucumber.core.runtime.TestCaseResultObserver.assertTestCasePassed(TestCaseResultObserver.java:69)
at io.cucumber.testng.TestCaseResultObserver.assertTestCasePassed(TestCaseResultObserver.java:23)
at io.cucumber.testng.TestNGCucumberRunner.lambda$runScenario$1(TestNGCucumberRunner.java:133)
at io.cucumber.core.runtime.CucumberExecutionContext.lambda$runTestCase$5(CucumberExecutionContext.java:136)
at io.cucumber.core.runtime.RethrowingThrowableCollector.executeAndThrow(RethrowingThrowableCollector.java:23)
at io.cucumber.core.runtime.CucumberExecutionContext.runTestCase(CucumberExecutionContext.java:136)
at io.cucumber.testng.TestNGCucumberRunner.runScenario(TestNGCucumberRunner.java:129)
at io.cucumber.testng.AbstractTestNGCucumberTests.runScenario(AbstractTestNGCucumberTests.java:35)
at jdk.internal.reflect.GeneratedMethodAccessor182.invoke(Unknown Source)
at java.base/jdk.internal.reflect.DelegatingMethodAccessorImpl.invoke(DelegatingMethodAccessorImpl.java:43)
at java.base/java.lang.reflect.Method.invoke(Method.java:568)
at org.testng.internal.invokers.MethodInvocationHelper.invokeMethod(MethodInvocationHelper.java:141)
at org.testng.internal.invokers.TestInvoker.invokeMethod(TestInvoker.java:686)
at org.testng.internal.invokers.TestInvoker.invokeTestMethod(TestInvoker.java:230)
at org.testng.internal.invokers.TestMethodWithDataProviderMethodWorker.call(TestMethodWithDataProviderMethodWorker.java:81)
at org.testng.internal.thread.Async$AsyncTask.run(Async.java:34)
at java.base/java.util.concurrent.ThreadPoolExecutor.runWorker(ThreadPoolExecutor.java:1136)
at java.base/java.util.concurrent.ThreadPoolExecutor$Worker.run(ThreadPoolExecutor.java:635)
at java.base/java.lang.Thread.run(Thread.java:842)
]]>
    </error>
  </testcase> <!-- runScenario -->
  <testcase classname="com.algodatta.runners.ApiRunner" name="runScenario" time="1.786"/>
  <testcase classname="com.algodatta.runners.ApiRunner" name="runScenario" time="15.490">
    <failure message="Unexpected JSONPath value for: method expected [POST] but found [null]" type="java.lang.AssertionError">
      <![CDATA[java.lang.AssertionError: Unexpected JSONPath value for: method expected [POST] but found [null]
at org.testng.Assert.fail(Assert.java:111)
at org.testng.Assert.failNotEquals(Assert.java:1578)
at org.testng.Assert.assertEqualsImpl(Assert.java:150)
at org.testng.Assert.assertEquals(Assert.java:132)
at com.algodatta.api.validators.ResponseValidator.jsonPathEquals(ResponseValidator.java:54)
at ui.steps.api.ApiSteps.jsonPathEqualsString(ApiSteps.java:147)
at ✽.the JSON path "method" should be "POST"(file:///E:/QA_KC/KC-sdet-automation/tests/src/test/resources/features/api/httpbin_regression.feature:13)
]]>
    </failure>
  </testcase> <!-- runScenario -->
  <testcase classname="com.algodatta.runners.ApiRunner" name="runScenario" time="1.933"/>
  <testcase classname="com.algodatta.runners.ApiRunner" name="runScenario" time="1.872"/>
  <testcase classname="com.algodatta.runners.ApiRunner" name="runScenario" time="0.025">
    <error message="The step &#039;I login with email &quot;eve.holt@reqres.in&quot; and password &quot;cityslicka&quot;&#039; is undefined.
You can implement this step using the snippet(s) below:

@When(&quot;I login with email {string} and password {string}&quot;)
public void i_login_with_email_and_password(String string, String string2) {
    // Write code here that turns the phrase above into concrete actions
    throw new io.cucumber.java.PendingException();
}
" type="io.cucumber.testng.UndefinedStepException">
      <![CDATA[io.cucumber.testng.UndefinedStepException: The step 'I login with email "eve.holt@reqres.in" and password "cityslicka"' is undefined.
You can implement this step using the snippet(s) below:

@When("I login with email {string} and password {string}")
public void i_login_with_email_and_password(String string, String string2) {
    // Write code here that turns the phrase above into concrete actions
    throw new io.cucumber.java.PendingException();
}

at io.cucumber.core.runtime.TestCaseResultObserver.assertTestCasePassed(TestCaseResultObserver.java:69)
at io.cucumber.testng.TestCaseResultObserver.assertTestCasePassed(TestCaseResultObserver.java:23)
at io.cucumber.testng.TestNGCucumberRunner.lambda$runScenario$1(TestNGCucumberRunner.java:133)
at io.cucumber.core.runtime.CucumberExecutionContext.lambda$runTestCase$5(CucumberExecutionContext.java:136)
at io.cucumber.core.runtime.RethrowingThrowableCollector.executeAndThrow(RethrowingThrowableCollector.java:23)
at io.cucumber.core.runtime.CucumberExecutionContext.runTestCase(CucumberExecutionContext.java:136)
at io.cucumber.testng.TestNGCucumberRunner.runScenario(TestNGCucumberRunner.java:129)
at io.cucumber.testng.AbstractTestNGCucumberTests.runScenario(AbstractTestNGCucumberTests.java:35)
at jdk.internal.reflect.GeneratedMethodAccessor182.invoke(Unknown Source)
at java.base/jdk.internal.reflect.DelegatingMethodAccessorImpl.invoke(DelegatingMethodAccessorImpl.java:43)
at java.base/java.lang.reflect.Method.invoke(Method.java:568)
at org.testng.internal.invokers.MethodInvocationHelper.invokeMethod(MethodInvocationHelper.java:141)
at org.testng.internal.invokers.TestInvoker.invokeMethod(TestInvoker.java:686)
at org.testng.internal.invokers.TestInvoker.invokeTestMethod(TestInvoker.java:230)
at org.testng.internal.invokers.TestMethodWithDataProviderMethodWorker.call(TestMethodWithDataProviderMethodWorker.java:81)
at org.testng.internal.thread.Async$AsyncTask.run(Async.java:34)
at java.base/java.util.concurrent.ThreadPoolExecutor.runWorker(ThreadPoolExecutor.java:1136)
at java.base/java.util.concurrent.ThreadPoolExecutor$Worker.run(ThreadPoolExecutor.java:635)
at java.base/java.lang.Thread.run(Thread.java:842)
]]>
    </error>
  </testcase> <!-- runScenario -->
  <testcase classname="com.algodatta.runners.ApiRunner" name="runScenario" time="2.014"/>
  <testcase classname="com.algodatta.runners.ApiRunner" name="runScenario" time="1.712"/>
  <testcase classname="com.algodatta.runners.ApiRunner" name="runScenario" time="1.695">
    <failure message="Unexpected status code expected [200] but found [400]" type="java.lang.AssertionError">
      <![CDATA[java.lang.AssertionError: Unexpected status code expected [200] but found [400]
at org.testng.Assert.fail(Assert.java:111)
at org.testng.Assert.failNotEquals(Assert.java:1578)
at org.testng.Assert.assertEqualsImpl(Assert.java:150)
at org.testng.Assert.assertEquals(Assert.java:132)
at org.testng.Assert.assertEquals(Assert.java:1419)
at org.testng.Assert.assertEquals(Assert.java:1383)
at com.algodatta.api.validators.ResponseValidator.status(ResponseValidator.java:12)
at ui.steps.api.ApiSteps.status(ApiSteps.java:117)
at ✽.the response status should be 200(file:///E:/QA_KC/KC-sdet-automation/tests/src/test/resources/features/api/jsonplaceholder_smoke.feature:38)
]]>
    </failure>
  </testcase> <!-- runScenario -->
  <testcase classname="com.algodatta.runners.ApiRunner" name="runScenario" time="1.664"/>
  <testcase classname="com.algodatta.runners.ApiRunner" name="runScenario" time="1.655">
    <failure message="Unexpected status code expected [200] but found [400]" type="java.lang.AssertionError">
      <![CDATA[java.lang.AssertionError: Unexpected status code expected [200] but found [400]
at org.testng.Assert.fail(Assert.java:111)
at org.testng.Assert.failNotEquals(Assert.java:1578)
at org.testng.Assert.assertEqualsImpl(Assert.java:150)
at org.testng.Assert.assertEquals(Assert.java:132)
at org.testng.Assert.assertEquals(Assert.java:1419)
at org.testng.Assert.assertEquals(Assert.java:1383)
at com.algodatta.api.validators.ResponseValidator.status(ResponseValidator.java:12)
at ui.steps.api.ApiSteps.status(ApiSteps.java:117)
at ✽.the response status should be 200(file:///E:/QA_KC/KC-sdet-automation/tests/src/test/resources/features/api/jsonplaceholder_smoke.feature:45)
]]>
    </failure>
  </testcase> <!-- runScenario -->
  <testcase classname="com.algodatta.runners.ApiRunner" name="runScenario" time="1.874"/>
  <testcase classname="com.algodatta.runners.ApiRunner" name="runScenario" time="2.166"/>
  <testcase classname="com.algodatta.runners.ApiRunner" name="runScenario" time="1.745"/>
  <testcase classname="com.algodatta.runners.ApiRunner" name="runScenario" time="2.169"/>
  <testcase classname="com.algodatta.runners.ApiRunner" name="runScenario" time="15.490">
    <failure message="Unexpected JSONPath value for: method expected [PUT] but found [null]" type="java.lang.AssertionError">
      <![CDATA[java.lang.AssertionError: Unexpected JSONPath value for: method expected [PUT] but found [null]
at org.testng.Assert.fail(Assert.java:111)
at org.testng.Assert.failNotEquals(Assert.java:1578)
at org.testng.Assert.assertEqualsImpl(Assert.java:150)
at org.testng.Assert.assertEquals(Assert.java:132)
at com.algodatta.api.validators.ResponseValidator.jsonPathEquals(ResponseValidator.java:54)
at ui.steps.api.ApiSteps.jsonPathEqualsString(ApiSteps.java:147)
at ✽.the JSON path "method" should be "PUT"(file:///E:/QA_KC/KC-sdet-automation/tests/src/test/resources/features/api/httpbin_regression.feature:13)
]]>
    </failure>
  </testcase> <!-- runScenario -->
  <testcase classname="com.algodatta.runners.ApiRunner" name="runScenario" time="2.086"/>
  <testcase classname="com.algodatta.runners.ApiRunner" name="runScenario" time="1.634">
    <failure message="Unexpected status code expected [200] but found [404]" type="java.lang.AssertionError">
      <![CDATA[java.lang.AssertionError: Unexpected status code expected [200] but found [404]
at org.testng.Assert.fail(Assert.java:111)
at org.testng.Assert.failNotEquals(Assert.java:1578)
at org.testng.Assert.assertEqualsImpl(Assert.java:150)
at org.testng.Assert.assertEquals(Assert.java:132)
at org.testng.Assert.assertEquals(Assert.java:1419)
at org.testng.Assert.assertEquals(Assert.java:1383)
at com.algodatta.api.validators.ResponseValidator.status(ResponseValidator.java:12)
at ui.steps.api.ApiSteps.status(ApiSteps.java:117)
at ✽.the response status should be 200(file:///E:/QA_KC/KC-sdet-automation/tests/src/test/resources/features/api/jsonplaceholder_smoke.feature:17)
]]>
    </failure>
  </testcase> <!-- runScenario -->
  <testcase classname="com.algodatta.runners.ApiRunner" name="runScenario" time="2.564"/>
  <testcase classname="com.algodatta.runners.ApiRunner" name="runScenario" time="15.490">
    <failure message="Unexpected JSONPath value for: method expected [PATCH] but found [null]" type="java.lang.AssertionError">
      <![CDATA[java.lang.AssertionError: Unexpected JSONPath value for: method expected [PATCH] but found [null]
at org.testng.Assert.fail(Assert.java:111)
at org.testng.Assert.failNotEquals(Assert.java:1578)
at org.testng.Assert.assertEqualsImpl(Assert.java:150)
at org.testng.Assert.assertEquals(Assert.java:132)
at com.algodatta.api.validators.ResponseValidator.jsonPathEquals(ResponseValidator.java:54)
at ui.steps.api.ApiSteps.jsonPathEqualsString(ApiSteps.java:147)
at ✽.the JSON path "method" should be "PATCH"(file:///E:/QA_KC/KC-sdet-automation/tests/src/test/resources/features/api/httpbin_regression.feature:13)
]]>
    </failure>
  </testcase> <!-- runScenario -->
  <testcase classname="com.algodatta.runners.ApiRunner" name="runScenario" time="1.633"/>
  <testcase classname="com.algodatta.runners.ApiRunner" name="runScenario" time="3.215"/>
  <testcase classname="com.algodatta.runners.ApiRunner" name="runScenario" time="2.010"/>
  <testcase classname="com.algodatta.runners.ApiRunner" name="runScenario" time="3.380">
    <failure message="Unexpected JSONPath value for: cookies.kc expected [1] but found [null]" type="java.lang.AssertionError">
      <![CDATA[java.lang.AssertionError: Unexpected JSONPath value for: cookies.kc expected [1] but found [null]
at org.testng.Assert.fail(Assert.java:111)
at org.testng.Assert.failNotEquals(Assert.java:1578)
at org.testng.Assert.assertEqualsImpl(Assert.java:150)
at org.testng.Assert.assertEquals(Assert.java:132)
at com.algodatta.api.validators.ResponseValidator.jsonPathEquals(ResponseValidator.java:54)
at ui.steps.api.ApiSteps.jsonPathEqualsString(ApiSteps.java:147)
at ✽.the JSON path "cookies.kc" should be "1"(file:///E:/QA_KC/KC-sdet-automation/tests/src/test/resources/features/api/httpbin_regression.feature:152)
]]>
    </failure>
  </testcase> <!-- runScenario -->
  <testcase classname="com.algodatta.runners.ApiRunner" name="runScenario" time="2.254"/>
  <testcase classname="com.algodatta.runners.ApiRunner" name="runScenario" time="1.741"/>
  <testcase classname="com.algodatta.runners.ApiRunner" name="runScenario" time="1.602"/>
  <testcase classname="com.algodatta.runners.ApiRunner" name="runScenario" time="1.683"/>
  <testcase classname="com.algodatta.runners.ApiRunner" name="runScenario" time="1.728"/>
  <testcase classname="com.algodatta.runners.ApiRunner" name="runScenario" time="2.309">
    <failure message="Unexpected status code expected [301] but found [200]" type="java.lang.AssertionError">
      <![CDATA[java.lang.AssertionError: Unexpected status code expected [301] but found [200]
at org.testng.Assert.fail(Assert.java:111)
at org.testng.Assert.failNotEquals(Assert.java:1578)
at org.testng.Assert.assertEqualsImpl(Assert.java:150)
at org.testng.Assert.assertEquals(Assert.java:132)
at org.testng.Assert.assertEquals(Assert.java:1419)
at org.testng.Assert.assertEquals(Assert.java:1383)
at com.algodatta.api.validators.ResponseValidator.status(ResponseValidator.java:12)
at ui.steps.api.ApiSteps.status(ApiSteps.java:117)
at ✽.the response status should be 301(file:///E:/QA_KC/KC-sdet-automation/tests/src/test/resources/features/api/httpbin_regression.feature:56)
]]>
    </failure>
  </testcase> <!-- runScenario -->
  <testcase classname="com.algodatta.runners.ApiRunner" name="runScenario" time="1.809"/>
  <testcase classname="com.algodatta.runners.ApiRunner" name="runScenario" time="3.281"/>
  <testcase classname="com.algodatta.runners.ApiRunner" name="runScenario" time="1.697">
    <failure message="Unexpected status code expected [200] but found [404]" type="java.lang.AssertionError">
      <![CDATA[java.lang.AssertionError: Unexpected status code expected [200] but found [404]
at org.testng.Assert.fail(Assert.java:111)
at org.testng.Assert.failNotEquals(Assert.java:1578)
at org.testng.Assert.assertEqualsImpl(Assert.java:150)
at org.testng.Assert.assertEquals(Assert.java:132)
at org.testng.Assert.assertEquals(Assert.java:1419)
at org.testng.Assert.assertEquals(Assert.java:1383)
at com.algodatta.api.validators.ResponseValidator.status(ResponseValidator.java:12)
at ui.steps.api.ApiSteps.status(ApiSteps.java:117)
at ✽.the response status should be 200(file:///E:/QA_KC/KC-sdet-automation/tests/src/test/resources/features/api/jsonplaceholder_smoke.feature:24)
]]>
    </failure>
  </testcase> <!-- runScenario -->
</testsuite> <!-- com.algodatta.runners.ApiRunner -->
